[1.061s] Invoking command in '/home/elf/ros_ws/src/camera_image_display': CONDA_PROMPT_MODIFIER=(base) PYTHONPATH=/home/elf/ros_ws/build/camera_image_display/prefix_override:/usr/lib/python3/dist-packages/colcon_core/task/python/colcon_distutils_commands:/home/elf/ros_ws/install/camera_image_display/lib/python3.10/site-packages:${PYTHONPATH} /usr/bin/python3 -W ignore:setup.py install is deprecated -W ignore:easy_install command is deprecated setup.py egg_info --egg-base ../../build/camera_image_display build --build-base /home/elf/ros_ws/build/camera_image_display/build install --record /home/elf/ros_ws/build/camera_image_display/install.log --single-version-externally-managed install_data
[1.361s] running egg_info
[1.362s] writing ../../build/camera_image_display/camera_image_display.egg-info/PKG-INFO
[1.362s] writing dependency_links to ../../build/camera_image_display/camera_image_display.egg-info/dependency_links.txt
[1.362s] writing entry points to ../../build/camera_image_display/camera_image_display.egg-info/entry_points.txt
[1.362s] writing requirements to ../../build/camera_image_display/camera_image_display.egg-info/requires.txt
[1.362s] writing top-level names to ../../build/camera_image_display/camera_image_display.egg-info/top_level.txt
[1.365s] reading manifest file '../../build/camera_image_display/camera_image_display.egg-info/SOURCES.txt'
[1.368s] writing manifest file '../../build/camera_image_display/camera_image_display.egg-info/SOURCES.txt'
[1.368s] running build
[1.368s] running build_py
[1.368s] running install
[1.369s] running install_lib
[1.370s] running install_data
[1.371s] running install_egg_info
[1.373s] removing '/home/elf/ros_ws/install/camera_image_display/lib/python3.10/site-packages/camera_image_display-0.0.0-py3.10.egg-info' (and everything under it)
[1.373s] Copying ../../build/camera_image_display/camera_image_display.egg-info to /home/elf/ros_ws/install/camera_image_display/lib/python3.10/site-packages/camera_image_display-0.0.0-py3.10.egg-info
[1.375s] running install_scripts
[1.407s] Installing camera_image_display script to /home/elf/ros_ws/install/camera_image_display/lib/camera_image_display
[1.407s] writing list of installed files to '/home/elf/ros_ws/build/camera_image_display/install.log'
[1.503s] Invoked command in '/home/elf/ros_ws/src/camera_image_display' returned '0': CONDA_PROMPT_MODIFIER=(base) PYTHONPATH=/home/elf/ros_ws/build/camera_image_display/prefix_override:/usr/lib/python3/dist-packages/colcon_core/task/python/colcon_distutils_commands:/home/elf/ros_ws/install/camera_image_display/lib/python3.10/site-packages:${PYTHONPATH} /usr/bin/python3 -W ignore:setup.py install is deprecated -W ignore:easy_install command is deprecated setup.py egg_info --egg-base ../../build/camera_image_display build --build-base /home/elf/ros_ws/build/camera_image_display/build install --record /home/elf/ros_ws/build/camera_image_display/install.log --single-version-externally-managed install_data
