[0.171s] DEBUG:colcon:Command line arguments: ['/usr/bin/colcon', 'build', '--symlink-install']
[0.171s] DEBUG:colcon:Parsed command line arguments: Namespace(log_base=None, log_level=None, verb_name='build', build_base='build', install_base='install', merge_install=False, symlink_install=True, test_result_base=None, continue_on_error=False, executor='parallel', parallel_workers=8, event_handlers=None, ignore_user_meta=False, metas=['./colcon.meta'], base_paths=['.'], packages_ignore=None, packages_ignore_regex=None, paths=None, packages_up_to=None, packages_up_to_regex=None, packages_above=None, packages_above_and_dependencies=None, packages_above_depth=None, packages_select_by_dep=None, packages_skip_by_dep=None, packages_skip_up_to=None, packages_select_build_failed=False, packages_skip_build_finished=False, packages_select_test_failures=False, packages_skip_test_passed=False, packages_select=None, packages_skip=None, packages_select_regex=None, packages_skip_regex=None, packages_start=None, packages_end=None, allow_overriding=[], cmake_args=None, cmake_target=None, cmake_target_skip_unavailable=False, cmake_clean_cache=False, cmake_clean_first=False, cmake_force_configure=False, ament_cmake_args=None, catkin_cmake_args=None, catkin_skip_building_tests=False, verb_parser=<colcon_defaults.argument_parser.defaults.DefaultArgumentsDecorator object at 0x7f8c77fc70>, verb_extension=<colcon_core.verb.build.BuildVerb object at 0x7f8c95d000>, main=<bound method BuildVerb.main of <colcon_core.verb.build.BuildVerb object at 0x7f8c95d000>>)
[0.387s] Level 1:colcon.colcon_core.package_discovery:discover_packages(colcon_meta) check parameters
[0.387s] Level 1:colcon.colcon_core.package_discovery:discover_packages(recursive) check parameters
[0.387s] Level 1:colcon.colcon_core.package_discovery:discover_packages(ignore) check parameters
[0.387s] Level 1:colcon.colcon_core.package_discovery:discover_packages(path) check parameters
[0.387s] Level 1:colcon.colcon_core.package_discovery:discover_packages(colcon_meta) discover
[0.388s] Level 1:colcon.colcon_core.package_discovery:discover_packages(recursive) discover
[0.388s] INFO:colcon.colcon_core.package_discovery:Crawling recursively for packages in '/home/elf/ros_ws'
[0.388s] Level 1:colcon.colcon_core.package_identification:_identify(.) by extensions ['ignore', 'ignore_ament_install']
[0.388s] Level 1:colcon.colcon_core.package_identification:_identify(.) by extension 'ignore'
[0.388s] Level 1:colcon.colcon_core.package_identification:_identify(.) by extension 'ignore_ament_install'
[0.388s] Level 1:colcon.colcon_core.package_identification:_identify(.) by extensions ['colcon_pkg']
[0.388s] Level 1:colcon.colcon_core.package_identification:_identify(.) by extension 'colcon_pkg'
[0.388s] Level 1:colcon.colcon_core.package_identification:_identify(.) by extensions ['colcon_meta']
[0.388s] Level 1:colcon.colcon_core.package_identification:_identify(.) by extension 'colcon_meta'
[0.388s] Level 1:colcon.colcon_core.package_identification:_identify(.) by extensions ['ros']
[0.388s] Level 1:colcon.colcon_core.package_identification:_identify(.) by extension 'ros'
[0.411s] Level 1:colcon.colcon_core.package_identification:_identify(.) by extensions ['cmake', 'python']
[0.411s] Level 1:colcon.colcon_core.package_identification:_identify(.) by extension 'cmake'
[0.411s] Level 1:colcon.colcon_core.package_identification:_identify(.) by extension 'python'
[0.411s] Level 1:colcon.colcon_core.package_identification:_identify(.) by extensions ['python_setup_py']
[0.411s] Level 1:colcon.colcon_core.package_identification:_identify(.) by extension 'python_setup_py'
[0.411s] Level 1:colcon.colcon_core.package_identification:_identify(ascamera) by extensions ['ignore', 'ignore_ament_install']
[0.411s] Level 1:colcon.colcon_core.package_identification:_identify(ascamera) by extension 'ignore'
[0.411s] Level 1:colcon.colcon_core.package_identification:_identify(ascamera) by extension 'ignore_ament_install'
[0.411s] Level 1:colcon.colcon_core.package_identification:_identify(ascamera) by extensions ['colcon_pkg']
[0.412s] Level 1:colcon.colcon_core.package_identification:_identify(ascamera) by extension 'colcon_pkg'
[0.412s] Level 1:colcon.colcon_core.package_identification:_identify(ascamera) by extensions ['colcon_meta']
[0.412s] Level 1:colcon.colcon_core.package_identification:_identify(ascamera) by extension 'colcon_meta'
[0.412s] Level 1:colcon.colcon_core.package_identification:_identify(ascamera) by extensions ['ros']
[0.412s] Level 1:colcon.colcon_core.package_identification:_identify(ascamera) by extension 'ros'
[0.415s] DEBUG:colcon.colcon_core.package_identification:Package 'ascamera' with type 'ros.ament_cmake' and name 'ascamera'
[0.416s] Level 1:colcon.colcon_core.package_identification:_identify(build) by extensions ['ignore', 'ignore_ament_install']
[0.416s] Level 1:colcon.colcon_core.package_identification:_identify(build) by extension 'ignore'
[0.416s] Level 1:colcon.colcon_core.package_identification:_identify(build) ignored
[0.416s] Level 1:colcon.colcon_core.package_identification:_identify(install) by extensions ['ignore', 'ignore_ament_install']
[0.416s] Level 1:colcon.colcon_core.package_identification:_identify(install) by extension 'ignore'
[0.416s] Level 1:colcon.colcon_core.package_identification:_identify(install) ignored
[0.416s] Level 1:colcon.colcon_core.package_identification:_identify(log) by extensions ['ignore', 'ignore_ament_install']
[0.416s] Level 1:colcon.colcon_core.package_identification:_identify(log) by extension 'ignore'
[0.416s] Level 1:colcon.colcon_core.package_identification:_identify(log) ignored
[0.416s] Level 1:colcon.colcon_core.package_identification:_identify(src) by extensions ['ignore', 'ignore_ament_install']
[0.417s] Level 1:colcon.colcon_core.package_identification:_identify(src) by extension 'ignore'
[0.417s] Level 1:colcon.colcon_core.package_identification:_identify(src) by extension 'ignore_ament_install'
[0.417s] Level 1:colcon.colcon_core.package_identification:_identify(src) by extensions ['colcon_pkg']
[0.417s] Level 1:colcon.colcon_core.package_identification:_identify(src) by extension 'colcon_pkg'
[0.417s] Level 1:colcon.colcon_core.package_identification:_identify(src) by extensions ['colcon_meta']
[0.417s] Level 1:colcon.colcon_core.package_identification:_identify(src) by extension 'colcon_meta'
[0.417s] Level 1:colcon.colcon_core.package_identification:_identify(src) by extensions ['ros']
[0.417s] Level 1:colcon.colcon_core.package_identification:_identify(src) by extension 'ros'
[0.417s] Level 1:colcon.colcon_core.package_identification:_identify(src) by extensions ['cmake', 'python']
[0.417s] Level 1:colcon.colcon_core.package_identification:_identify(src) by extension 'cmake'
[0.417s] Level 1:colcon.colcon_core.package_identification:_identify(src) by extension 'python'
[0.417s] Level 1:colcon.colcon_core.package_identification:_identify(src) by extensions ['python_setup_py']
[0.417s] Level 1:colcon.colcon_core.package_identification:_identify(src) by extension 'python_setup_py'
[0.417s] Level 1:colcon.colcon_core.package_identification:_identify(src/build) by extensions ['ignore', 'ignore_ament_install']
[0.417s] Level 1:colcon.colcon_core.package_identification:_identify(src/build) by extension 'ignore'
[0.417s] Level 1:colcon.colcon_core.package_identification:_identify(src/build) ignored
[0.417s] Level 1:colcon.colcon_core.package_identification:_identify(src/camera_image_display) by extensions ['ignore', 'ignore_ament_install']
[0.417s] Level 1:colcon.colcon_core.package_identification:_identify(src/camera_image_display) by extension 'ignore'
[0.418s] Level 1:colcon.colcon_core.package_identification:_identify(src/camera_image_display) by extension 'ignore_ament_install'
[0.418s] Level 1:colcon.colcon_core.package_identification:_identify(src/camera_image_display) by extensions ['colcon_pkg']
[0.418s] Level 1:colcon.colcon_core.package_identification:_identify(src/camera_image_display) by extension 'colcon_pkg'
[0.418s] Level 1:colcon.colcon_core.package_identification:_identify(src/camera_image_display) by extensions ['colcon_meta']
[0.418s] Level 1:colcon.colcon_core.package_identification:_identify(src/camera_image_display) by extension 'colcon_meta'
[0.418s] Level 1:colcon.colcon_core.package_identification:_identify(src/camera_image_display) by extensions ['ros']
[0.418s] Level 1:colcon.colcon_core.package_identification:_identify(src/camera_image_display) by extension 'ros'
[0.419s] DEBUG:colcon.colcon_core.package_identification:Package 'src/camera_image_display' with type 'ros.ament_python' and name 'camera_image_display'
[0.419s] Level 1:colcon.colcon_core.package_identification:_identify(src/install) by extensions ['ignore', 'ignore_ament_install']
[0.419s] Level 1:colcon.colcon_core.package_identification:_identify(src/install) by extension 'ignore'
[0.419s] Level 1:colcon.colcon_core.package_identification:_identify(src/install) ignored
[0.419s] Level 1:colcon.colcon_core.package_identification:_identify(src/log) by extensions ['ignore', 'ignore_ament_install']
[0.419s] Level 1:colcon.colcon_core.package_identification:_identify(src/log) by extension 'ignore'
[0.419s] Level 1:colcon.colcon_core.package_identification:_identify(src/log) ignored
[0.419s] Level 1:colcon.colcon_core.package_discovery:discover_packages(recursive) using defaults
[0.419s] Level 1:colcon.colcon_core.package_discovery:discover_packages(ignore) discover
[0.419s] Level 1:colcon.colcon_core.package_discovery:discover_packages(ignore) using defaults
[0.419s] Level 1:colcon.colcon_core.package_discovery:discover_packages(path) discover
[0.420s] Level 1:colcon.colcon_core.package_discovery:discover_packages(path) using defaults
[0.453s] Level 1:colcon.colcon_core.package_discovery:discover_packages(prefix_path) check parameters
[0.453s] Level 1:colcon.colcon_core.package_discovery:discover_packages(prefix_path) discover
[0.456s] DEBUG:colcon.colcon_installed_package_information.package_discovery:Found 2 installed packages in /home/elf/ros_ws/install
[0.458s] DEBUG:colcon.colcon_installed_package_information.package_discovery:Found 274 installed packages in /opt/ros/humble
[0.462s] Level 1:colcon.colcon_core.package_discovery:discover_packages(prefix_path) using defaults
[0.562s] Level 5:colcon.colcon_core.verb:set package 'ascamera' build argument 'cmake_args' from command line to 'None'
[0.562s] Level 5:colcon.colcon_core.verb:set package 'ascamera' build argument 'cmake_target' from command line to 'None'
[0.562s] Level 5:colcon.colcon_core.verb:set package 'ascamera' build argument 'cmake_target_skip_unavailable' from command line to 'False'
[0.562s] Level 5:colcon.colcon_core.verb:set package 'ascamera' build argument 'cmake_clean_cache' from command line to 'False'
[0.562s] Level 5:colcon.colcon_core.verb:set package 'ascamera' build argument 'cmake_clean_first' from command line to 'False'
[0.562s] Level 5:colcon.colcon_core.verb:set package 'ascamera' build argument 'cmake_force_configure' from command line to 'False'
[0.562s] Level 5:colcon.colcon_core.verb:set package 'ascamera' build argument 'ament_cmake_args' from command line to 'None'
[0.562s] Level 5:colcon.colcon_core.verb:set package 'ascamera' build argument 'catkin_cmake_args' from command line to 'None'
[0.563s] Level 5:colcon.colcon_core.verb:set package 'ascamera' build argument 'catkin_skip_building_tests' from command line to 'False'
[0.563s] DEBUG:colcon.colcon_core.verb:Building package 'ascamera' with the following arguments: {'ament_cmake_args': None, 'build_base': '/home/elf/ros_ws/build/ascamera', 'catkin_cmake_args': None, 'catkin_skip_building_tests': False, 'cmake_args': None, 'cmake_clean_cache': False, 'cmake_clean_first': False, 'cmake_force_configure': False, 'cmake_target': None, 'cmake_target_skip_unavailable': False, 'install_base': '/home/elf/ros_ws/install/ascamera', 'merge_install': False, 'path': '/home/elf/ros_ws/ascamera', 'symlink_install': True, 'test_result_base': None}
[0.563s] Level 5:colcon.colcon_core.verb:set package 'camera_image_display' build argument 'cmake_args' from command line to 'None'
[0.563s] Level 5:colcon.colcon_core.verb:set package 'camera_image_display' build argument 'cmake_target' from command line to 'None'
[0.563s] Level 5:colcon.colcon_core.verb:set package 'camera_image_display' build argument 'cmake_target_skip_unavailable' from command line to 'False'
[0.563s] Level 5:colcon.colcon_core.verb:set package 'camera_image_display' build argument 'cmake_clean_cache' from command line to 'False'
[0.563s] Level 5:colcon.colcon_core.verb:set package 'camera_image_display' build argument 'cmake_clean_first' from command line to 'False'
[0.563s] Level 5:colcon.colcon_core.verb:set package 'camera_image_display' build argument 'cmake_force_configure' from command line to 'False'
[0.563s] Level 5:colcon.colcon_core.verb:set package 'camera_image_display' build argument 'ament_cmake_args' from command line to 'None'
[0.563s] Level 5:colcon.colcon_core.verb:set package 'camera_image_display' build argument 'catkin_cmake_args' from command line to 'None'
[0.563s] Level 5:colcon.colcon_core.verb:set package 'camera_image_display' build argument 'catkin_skip_building_tests' from command line to 'False'
[0.563s] DEBUG:colcon.colcon_core.verb:Building package 'camera_image_display' with the following arguments: {'ament_cmake_args': None, 'build_base': '/home/elf/ros_ws/build/camera_image_display', 'catkin_cmake_args': None, 'catkin_skip_building_tests': False, 'cmake_args': None, 'cmake_clean_cache': False, 'cmake_clean_first': False, 'cmake_force_configure': False, 'cmake_target': None, 'cmake_target_skip_unavailable': False, 'install_base': '/home/elf/ros_ws/install/camera_image_display', 'merge_install': False, 'path': '/home/elf/ros_ws/src/camera_image_display', 'symlink_install': True, 'test_result_base': None}
[0.564s] INFO:colcon.colcon_core.executor:Executing jobs using 'parallel' executor
[0.566s] DEBUG:colcon.colcon_parallel_executor.executor.parallel:run_until_complete
[0.566s] INFO:colcon.colcon_ros.task.ament_cmake.build:Building ROS package in '/home/elf/ros_ws/ascamera' with build type 'ament_cmake'
[0.566s] INFO:colcon.colcon_cmake.task.cmake.build:Building CMake package in '/home/elf/ros_ws/ascamera'
[0.569s] INFO:colcon.colcon_core.plugin_system:Skipping extension 'colcon_core.shell.bat': Not used on non-Windows systems
[0.569s] INFO:colcon.colcon_core.shell:Skip shell extension 'powershell' for command environment: Not usable outside of PowerShell
[0.569s] DEBUG:colcon.colcon_core.shell:Skip shell extension 'dsv' for command environment
[0.574s] INFO:colcon.colcon_ros.task.ament_python.build:Building ROS package in '/home/elf/ros_ws/src/camera_image_display' with build type 'ament_python'
[0.574s] Level 1:colcon.colcon_core.shell:create_environment_hook('camera_image_display', 'ament_prefix_path')
[0.575s] INFO:colcon.colcon_core.shell:Creating environment hook '/home/elf/ros_ws/install/camera_image_display/share/camera_image_display/hook/ament_prefix_path.ps1'
[0.576s] INFO:colcon.colcon_core.shell:Creating environment descriptor '/home/elf/ros_ws/install/camera_image_display/share/camera_image_display/hook/ament_prefix_path.dsv'
[0.576s] INFO:colcon.colcon_core.shell:Creating environment hook '/home/elf/ros_ws/install/camera_image_display/share/camera_image_display/hook/ament_prefix_path.sh'
[0.577s] INFO:colcon.colcon_core.shell:Skip shell extension 'powershell' for command environment: Not usable outside of PowerShell
[0.578s] DEBUG:colcon.colcon_core.shell:Skip shell extension 'dsv' for command environment
[0.596s] DEBUG:colcon.colcon_core.event_handler.log_command:Invoking command in '/home/elf/ros_ws/build/ascamera': CMAKE_PREFIX_PATH=${CMAKE_PREFIX_PATH}:/home/elf/ros_ws/install/camera_image_display:/opt/ros/humble CONDA_PROMPT_MODIFIER=(base) VIRTUAL_ENV_PROMPT=(ros_venv) /usr/bin/cmake /home/elf/ros_ws/ascamera -DAMENT_CMAKE_SYMLINK_INSTALL=1 -DCMAKE_INSTALL_PREFIX=/home/elf/ros_ws/install/ascamera
[1.048s] INFO:colcon.colcon_core.task.python.build:Building Python package in '/home/elf/ros_ws/src/camera_image_display'
[1.049s] INFO:colcon.colcon_core.shell:Skip shell extension 'powershell' for command environment: Not usable outside of PowerShell
[1.049s] DEBUG:colcon.colcon_core.shell:Skip shell extension 'dsv' for command environment
[1.598s] DEBUG:colcon.colcon_core.event_handler.log_command:Invoking command in '/home/elf/ros_ws/build/camera_image_display': CONDA_PROMPT_MODIFIER=(base) PYTHONPATH=/home/elf/ros_ws/build/camera_image_display/prefix_override:/usr/lib/python3/dist-packages/colcon_core/task/python/colcon_distutils_commands:/home/elf/ros_ws/install/camera_image_display/lib/python3.10/site-packages:${PYTHONPATH} VIRTUAL_ENV_PROMPT=(ros_venv) /usr/bin/python3 -W ignore:setup.py install is deprecated -W ignore:easy_install command is deprecated setup.py develop --editable --build-directory /home/elf/ros_ws/build/camera_image_display/build --no-deps symlink_data
[2.249s] Level 1:colcon.colcon_core.shell:create_environment_hook('camera_image_display', 'pythonpath_develop')
[2.250s] INFO:colcon.colcon_core.shell:Creating environment hook '/home/elf/ros_ws/build/camera_image_display/share/camera_image_display/hook/pythonpath_develop.ps1'
[2.250s] DEBUG:colcon.colcon_core.event_handler.log_command:Invoked command in '/home/elf/ros_ws/build/camera_image_display' returned '0': CONDA_PROMPT_MODIFIER=(base) PYTHONPATH=/home/elf/ros_ws/build/camera_image_display/prefix_override:/usr/lib/python3/dist-packages/colcon_core/task/python/colcon_distutils_commands:/home/elf/ros_ws/install/camera_image_display/lib/python3.10/site-packages:${PYTHONPATH} VIRTUAL_ENV_PROMPT=(ros_venv) /usr/bin/python3 -W ignore:setup.py install is deprecated -W ignore:easy_install command is deprecated setup.py develop --editable --build-directory /home/elf/ros_ws/build/camera_image_display/build --no-deps symlink_data
[2.251s] INFO:colcon.colcon_core.shell:Creating environment descriptor '/home/elf/ros_ws/build/camera_image_display/share/camera_image_display/hook/pythonpath_develop.dsv'
[2.252s] INFO:colcon.colcon_core.shell:Creating environment hook '/home/elf/ros_ws/build/camera_image_display/share/camera_image_display/hook/pythonpath_develop.sh'
[2.254s] Level 1:colcon.colcon_core.environment:checking '/home/elf/ros_ws/install/camera_image_display' for CMake module files
[2.255s] Level 1:colcon.colcon_core.environment:checking '/home/elf/ros_ws/install/camera_image_display' for CMake config files
[2.256s] Level 1:colcon.colcon_core.environment:checking '/home/elf/ros_ws/install/camera_image_display/lib'
[2.256s] Level 1:colcon.colcon_core.environment:checking '/home/elf/ros_ws/install/camera_image_display/bin'
[2.256s] Level 1:colcon.colcon_core.environment:checking '/home/elf/ros_ws/install/camera_image_display/lib/pkgconfig/camera_image_display.pc'
[2.256s] Level 1:colcon.colcon_core.environment:checking '/home/elf/ros_ws/install/camera_image_display/lib/python3.10/site-packages'
[2.257s] Level 1:colcon.colcon_core.shell:create_environment_hook('camera_image_display', 'pythonpath')
[2.257s] INFO:colcon.colcon_core.shell:Creating environment hook '/home/elf/ros_ws/install/camera_image_display/share/camera_image_display/hook/pythonpath.ps1'
[2.257s] INFO:colcon.colcon_core.shell:Creating environment descriptor '/home/elf/ros_ws/install/camera_image_display/share/camera_image_display/hook/pythonpath.dsv'
[2.258s] INFO:colcon.colcon_core.shell:Creating environment hook '/home/elf/ros_ws/install/camera_image_display/share/camera_image_display/hook/pythonpath.sh'
[2.258s] Level 1:colcon.colcon_core.environment:checking '/home/elf/ros_ws/install/camera_image_display/bin'
[2.259s] Level 1:colcon.colcon_core.environment:create_environment_scripts_only(camera_image_display)
[2.259s] INFO:colcon.colcon_core.shell:Creating package script '/home/elf/ros_ws/install/camera_image_display/share/camera_image_display/package.ps1'
[2.260s] INFO:colcon.colcon_core.shell:Creating package descriptor '/home/elf/ros_ws/install/camera_image_display/share/camera_image_display/package.dsv'
[2.261s] INFO:colcon.colcon_core.shell:Creating package script '/home/elf/ros_ws/install/camera_image_display/share/camera_image_display/package.sh'
[2.262s] INFO:colcon.colcon_core.shell:Creating package script '/home/elf/ros_ws/install/camera_image_display/share/camera_image_display/package.bash'
[2.262s] INFO:colcon.colcon_core.shell:Creating package script '/home/elf/ros_ws/install/camera_image_display/share/camera_image_display/package.zsh'
[2.263s] Level 1:colcon.colcon_core.environment:create_file_with_runtime_dependencies(/home/elf/ros_ws/install/camera_image_display/share/colcon-core/packages/camera_image_display)
[3.387s] DEBUG:colcon.colcon_core.event_handler.log_command:Invoked command in '/home/elf/ros_ws/build/ascamera' returned '0': CMAKE_PREFIX_PATH=${CMAKE_PREFIX_PATH}:/home/elf/ros_ws/install/camera_image_display:/opt/ros/humble CONDA_PROMPT_MODIFIER=(base) VIRTUAL_ENV_PROMPT=(ros_venv) /usr/bin/cmake /home/elf/ros_ws/ascamera -DAMENT_CMAKE_SYMLINK_INSTALL=1 -DCMAKE_INSTALL_PREFIX=/home/elf/ros_ws/install/ascamera
[3.392s] DEBUG:colcon.colcon_core.event_handler.log_command:Invoking command in '/home/elf/ros_ws/build/ascamera': CMAKE_PREFIX_PATH=${CMAKE_PREFIX_PATH}:/home/elf/ros_ws/install/camera_image_display:/opt/ros/humble CONDA_PROMPT_MODIFIER=(base) VIRTUAL_ENV_PROMPT=(ros_venv) /usr/bin/cmake --build /home/elf/ros_ws/build/ascamera -- -j8 -l8
[33.667s] DEBUG:colcon.colcon_core.event_handler.log_command:Invoked command in '/home/elf/ros_ws/build/ascamera' returned '0': CMAKE_PREFIX_PATH=${CMAKE_PREFIX_PATH}:/home/elf/ros_ws/install/camera_image_display:/opt/ros/humble CONDA_PROMPT_MODIFIER=(base) VIRTUAL_ENV_PROMPT=(ros_venv) /usr/bin/cmake --build /home/elf/ros_ws/build/ascamera -- -j8 -l8
[33.687s] DEBUG:colcon.colcon_core.event_handler.log_command:Invoking command in '/home/elf/ros_ws/build/ascamera': CMAKE_PREFIX_PATH=${CMAKE_PREFIX_PATH}:/home/elf/ros_ws/install/camera_image_display:/opt/ros/humble CONDA_PROMPT_MODIFIER=(base) VIRTUAL_ENV_PROMPT=(ros_venv) /usr/bin/cmake --install /home/elf/ros_ws/build/ascamera
[34.180s] Level 1:colcon.colcon_core.environment:create_environment_scripts_only(ascamera)
[34.183s] Level 1:colcon.colcon_core.environment:checking '/home/elf/ros_ws/install/ascamera' for CMake module files
[34.186s] DEBUG:colcon.colcon_core.event_handler.log_command:Invoked command in '/home/elf/ros_ws/build/ascamera' returned '0': CMAKE_PREFIX_PATH=${CMAKE_PREFIX_PATH}:/home/elf/ros_ws/install/camera_image_display:/opt/ros/humble CONDA_PROMPT_MODIFIER=(base) VIRTUAL_ENV_PROMPT=(ros_venv) /usr/bin/cmake --install /home/elf/ros_ws/build/ascamera
[34.189s] Level 1:colcon.colcon_core.environment:checking '/home/elf/ros_ws/install/ascamera' for CMake config files
[34.190s] Level 1:colcon.colcon_core.shell:create_environment_hook('ascamera', 'cmake_prefix_path')
[34.192s] INFO:colcon.colcon_core.shell:Creating environment hook '/home/elf/ros_ws/install/ascamera/share/ascamera/hook/cmake_prefix_path.ps1'
[34.195s] INFO:colcon.colcon_core.shell:Creating environment descriptor '/home/elf/ros_ws/install/ascamera/share/ascamera/hook/cmake_prefix_path.dsv'
[34.196s] INFO:colcon.colcon_core.shell:Creating environment hook '/home/elf/ros_ws/install/ascamera/share/ascamera/hook/cmake_prefix_path.sh'
[34.198s] Level 1:colcon.colcon_core.environment:checking '/home/elf/ros_ws/install/ascamera/lib'
[34.199s] Level 1:colcon.colcon_core.environment:checking '/home/elf/ros_ws/install/ascamera/bin'
[34.199s] Level 1:colcon.colcon_core.environment:checking '/home/elf/ros_ws/install/ascamera/lib/pkgconfig/ascamera.pc'
[34.200s] Level 1:colcon.colcon_core.environment:checking '/home/elf/ros_ws/install/ascamera/lib/python3.10/site-packages'
[34.201s] Level 1:colcon.colcon_core.environment:checking '/home/elf/ros_ws/install/ascamera/bin'
[34.203s] INFO:colcon.colcon_core.shell:Creating package script '/home/elf/ros_ws/install/ascamera/share/ascamera/package.ps1'
[34.205s] INFO:colcon.colcon_core.shell:Creating package descriptor '/home/elf/ros_ws/install/ascamera/share/ascamera/package.dsv'
[34.206s] INFO:colcon.colcon_core.shell:Creating package script '/home/elf/ros_ws/install/ascamera/share/ascamera/package.sh'
[34.208s] INFO:colcon.colcon_core.shell:Creating package script '/home/elf/ros_ws/install/ascamera/share/ascamera/package.bash'
[34.209s] INFO:colcon.colcon_core.shell:Creating package script '/home/elf/ros_ws/install/ascamera/share/ascamera/package.zsh'
[34.210s] Level 1:colcon.colcon_core.environment:create_file_with_runtime_dependencies(/home/elf/ros_ws/install/ascamera/share/colcon-core/packages/ascamera)
[34.213s] Level 1:colcon.colcon_core.environment:create_environment_scripts_only(ascamera)
[34.214s] Level 1:colcon.colcon_core.environment:checking '/home/elf/ros_ws/install/ascamera' for CMake module files
[34.217s] Level 1:colcon.colcon_core.environment:checking '/home/elf/ros_ws/install/ascamera' for CMake config files
[34.218s] Level 1:colcon.colcon_core.shell:create_environment_hook('ascamera', 'cmake_prefix_path')
[34.219s] INFO:colcon.colcon_core.shell:Creating environment hook '/home/elf/ros_ws/install/ascamera/share/ascamera/hook/cmake_prefix_path.ps1'
[34.221s] INFO:colcon.colcon_core.shell:Creating environment descriptor '/home/elf/ros_ws/install/ascamera/share/ascamera/hook/cmake_prefix_path.dsv'
[34.222s] INFO:colcon.colcon_core.shell:Creating environment hook '/home/elf/ros_ws/install/ascamera/share/ascamera/hook/cmake_prefix_path.sh'
[34.224s] Level 1:colcon.colcon_core.environment:checking '/home/elf/ros_ws/install/ascamera/lib'
[34.224s] Level 1:colcon.colcon_core.environment:checking '/home/elf/ros_ws/install/ascamera/bin'
[34.225s] Level 1:colcon.colcon_core.environment:checking '/home/elf/ros_ws/install/ascamera/lib/pkgconfig/ascamera.pc'
[34.226s] Level 1:colcon.colcon_core.environment:checking '/home/elf/ros_ws/install/ascamera/lib/python3.10/site-packages'
[34.227s] Level 1:colcon.colcon_core.environment:checking '/home/elf/ros_ws/install/ascamera/bin'
[34.228s] INFO:colcon.colcon_core.shell:Creating package script '/home/elf/ros_ws/install/ascamera/share/ascamera/package.ps1'
[34.231s] INFO:colcon.colcon_core.shell:Creating package descriptor '/home/elf/ros_ws/install/ascamera/share/ascamera/package.dsv'
[34.233s] INFO:colcon.colcon_core.shell:Creating package script '/home/elf/ros_ws/install/ascamera/share/ascamera/package.sh'
[34.234s] INFO:colcon.colcon_core.shell:Creating package script '/home/elf/ros_ws/install/ascamera/share/ascamera/package.bash'
[34.234s] INFO:colcon.colcon_core.shell:Creating package script '/home/elf/ros_ws/install/ascamera/share/ascamera/package.zsh'
[34.235s] Level 1:colcon.colcon_core.environment:create_file_with_runtime_dependencies(/home/elf/ros_ws/install/ascamera/share/colcon-core/packages/ascamera)
[34.235s] DEBUG:colcon.colcon_parallel_executor.executor.parallel:closing loop
[34.236s] DEBUG:colcon.colcon_parallel_executor.executor.parallel:loop closed
[34.236s] DEBUG:colcon.colcon_parallel_executor.executor.parallel:run_until_complete finished with '0'
[34.236s] DEBUG:colcon.colcon_core.event_reactor:joining thread
[34.263s] INFO:colcon.colcon_core.plugin_system:Skipping extension 'colcon_notification.desktop_notification.terminal_notifier': Not used on non-Darwin systems
[34.264s] INFO:colcon.colcon_core.plugin_system:Skipping extension 'colcon_notification.desktop_notification.win32': Not used on non-Windows systems
[34.264s] INFO:colcon.colcon_notification.desktop_notification:Sending desktop notification using 'notify2'
[34.293s] DEBUG:colcon.colcon_core.event_reactor:joined thread
[34.294s] INFO:colcon.colcon_core.shell:Creating prefix script '/home/elf/ros_ws/install/local_setup.ps1'
[34.296s] INFO:colcon.colcon_core.shell:Creating prefix util module '/home/elf/ros_ws/install/_local_setup_util_ps1.py'
[34.298s] INFO:colcon.colcon_core.shell:Creating prefix chain script '/home/elf/ros_ws/install/setup.ps1'
[34.300s] INFO:colcon.colcon_core.shell:Creating prefix script '/home/elf/ros_ws/install/local_setup.sh'
[34.301s] INFO:colcon.colcon_core.shell:Creating prefix util module '/home/elf/ros_ws/install/_local_setup_util_sh.py'
[34.302s] INFO:colcon.colcon_core.shell:Creating prefix chain script '/home/elf/ros_ws/install/setup.sh'
[34.304s] INFO:colcon.colcon_core.shell:Creating prefix script '/home/elf/ros_ws/install/local_setup.bash'
[34.305s] INFO:colcon.colcon_core.shell:Creating prefix chain script '/home/elf/ros_ws/install/setup.bash'
[34.306s] INFO:colcon.colcon_core.shell:Creating prefix script '/home/elf/ros_ws/install/local_setup.zsh'
[34.307s] INFO:colcon.colcon_core.shell:Creating prefix chain script '/home/elf/ros_ws/install/setup.zsh'
