running develop
running egg_info
creating camera_image_display.egg-info
writing camera_image_display.egg-info/PKG-INFO
writing dependency_links to camera_image_display.egg-info/dependency_links.txt
writing entry points to camera_image_display.egg-info/entry_points.txt
writing requirements to camera_image_display.egg-info/requires.txt
writing top-level names to camera_image_display.egg-info/top_level.txt
writing manifest file 'camera_image_display.egg-info/SOURCES.txt'
reading manifest file 'camera_image_display.egg-info/SOURCES.txt'
writing manifest file 'camera_image_display.egg-info/SOURCES.txt'
running build_ext
Creating /home/elf/ros_ws/install/camera_image_display/lib/python3.10/site-packages/camera-image-display.egg-link (link to .)
Installing camera_image_display script to /home/elf/ros_ws/install/camera_image_display/lib/camera_image_display

Installed /home/elf/ros_ws/build/camera_image_display
running symlink_data
creating /home/elf/ros_ws/install/camera_image_display/share/ament_index
creating /home/elf/ros_ws/install/camera_image_display/share/ament_index/resource_index
creating /home/elf/ros_ws/install/camera_image_display/share/ament_index/resource_index/packages
symbolically linking /home/elf/ros_ws/build/camera_image_display/resource/camera_image_display -> /home/elf/ros_ws/install/camera_image_display/share/ament_index/resource_index/packages
symbolically linking /home/elf/ros_ws/build/camera_image_display/package.xml -> /home/elf/ros_ws/install/camera_image_display/share/camera_image_display
