[0.931s] Invoking command in '/home/elf/ros_ws/build/camera_image_display': CONDA_PROMPT_MODIFIER=(base) PYTHONPATH=/home/elf/ros_ws/build/camera_image_display/prefix_override:/usr/lib/python3/dist-packages/colcon_core/task/python/colcon_distutils_commands:/home/elf/ros_ws/install/camera_image_display/lib/python3.10/site-packages:${PYTHONPATH} VIRTUAL_ENV_PROMPT=(ros_venv) /usr/bin/python3 -W ignore:setup.py install is deprecated -W ignore:easy_install command is deprecated setup.py develop --editable --build-directory /home/elf/ros_ws/build/camera_image_display/build --no-deps symlink_data
[1.317s] running develop
[1.508s] running egg_info
[1.510s] creating camera_image_display.egg-info
[1.510s] writing camera_image_display.egg-info/PKG-INFO
[1.511s] writing dependency_links to camera_image_display.egg-info/dependency_links.txt
[1.512s] writing entry points to camera_image_display.egg-info/entry_points.txt
[1.512s] writing requirements to camera_image_display.egg-info/requires.txt
[1.513s] writing top-level names to camera_image_display.egg-info/top_level.txt
[1.513s] writing manifest file 'camera_image_display.egg-info/SOURCES.txt'
[1.516s] reading manifest file 'camera_image_display.egg-info/SOURCES.txt'
[1.517s] writing manifest file 'camera_image_display.egg-info/SOURCES.txt'
[1.521s] running build_ext
[1.522s] Creating /home/elf/ros_ws/install/camera_image_display/lib/python3.10/site-packages/camera-image-display.egg-link (link to .)
[1.523s] Installing camera_image_display script to /home/elf/ros_ws/install/camera_image_display/lib/camera_image_display
[1.524s] 
[1.524s] Installed /home/elf/ros_ws/build/camera_image_display
[1.524s] running symlink_data
[1.524s] creating /home/elf/ros_ws/install/camera_image_display/share/ament_index
[1.524s] creating /home/elf/ros_ws/install/camera_image_display/share/ament_index/resource_index
[1.524s] creating /home/elf/ros_ws/install/camera_image_display/share/ament_index/resource_index/packages
[1.525s] symbolically linking /home/elf/ros_ws/build/camera_image_display/resource/camera_image_display -> /home/elf/ros_ws/install/camera_image_display/share/ament_index/resource_index/packages
[1.525s] symbolically linking /home/elf/ros_ws/build/camera_image_display/package.xml -> /home/elf/ros_ws/install/camera_image_display/share/camera_image_display
[1.624s] Invoked command in '/home/elf/ros_ws/build/camera_image_display' returned '0': CONDA_PROMPT_MODIFIER=(base) PYTHONPATH=/home/elf/ros_ws/build/camera_image_display/prefix_override:/usr/lib/python3/dist-packages/colcon_core/task/python/colcon_distutils_commands:/home/elf/ros_ws/install/camera_image_display/lib/python3.10/site-packages:${PYTHONPATH} VIRTUAL_ENV_PROMPT=(ros_venv) /usr/bin/python3 -W ignore:setup.py install is deprecated -W ignore:easy_install command is deprecated setup.py develop --editable --build-directory /home/elf/ros_ws/build/camera_image_display/build --no-deps symlink_data
