[0.144s] DEBUG:colcon:Command line arguments: ['/usr/bin/colcon', 'build']
[0.144s] DEBUG:colcon:Parsed command line arguments: Namespace(log_base=None, log_level=None, verb_name='build', build_base='build', install_base='install', merge_install=False, symlink_install=False, test_result_base=None, continue_on_error=False, executor='parallel', parallel_workers=8, event_handlers=None, ignore_user_meta=False, metas=['./colcon.meta'], base_paths=['.'], packages_ignore=None, packages_ignore_regex=None, paths=None, packages_up_to=None, packages_up_to_regex=None, packages_above=None, packages_above_and_dependencies=None, packages_above_depth=None, packages_select_by_dep=None, packages_skip_by_dep=None, packages_skip_up_to=None, packages_select_build_failed=False, packages_skip_build_finished=False, packages_select_test_failures=False, packages_skip_test_passed=False, packages_select=None, packages_skip=None, packages_select_regex=None, packages_skip_regex=None, packages_start=None, packages_end=None, allow_overriding=[], cmake_args=None, cmake_target=None, cmake_target_skip_unavailable=False, cmake_clean_cache=False, cmake_clean_first=False, cmake_force_configure=False, ament_cmake_args=None, catkin_cmake_args=None, catkin_skip_building_tests=False, verb_parser=<colcon_defaults.argument_parser.defaults.DefaultArgumentsDecorator object at 0x7fa61a3e50>, verb_extension=<colcon_core.verb.build.BuildVerb object at 0x7fa6375270>, main=<bound method BuildVerb.main of <colcon_core.verb.build.BuildVerb object at 0x7fa6375270>>)
[0.347s] Level 1:colcon.colcon_core.package_discovery:discover_packages(colcon_meta) check parameters
[0.347s] Level 1:colcon.colcon_core.package_discovery:discover_packages(recursive) check parameters
[0.347s] Level 1:colcon.colcon_core.package_discovery:discover_packages(ignore) check parameters
[0.347s] Level 1:colcon.colcon_core.package_discovery:discover_packages(path) check parameters
[0.347s] Level 1:colcon.colcon_core.package_discovery:discover_packages(colcon_meta) discover
[0.347s] Level 1:colcon.colcon_core.package_discovery:discover_packages(recursive) discover
[0.347s] INFO:colcon.colcon_core.package_discovery:Crawling recursively for packages in '/home/elf/ros_ws'
[0.347s] Level 1:colcon.colcon_core.package_identification:_identify(.) by extensions ['ignore', 'ignore_ament_install']
[0.348s] Level 1:colcon.colcon_core.package_identification:_identify(.) by extension 'ignore'
[0.348s] Level 1:colcon.colcon_core.package_identification:_identify(.) by extension 'ignore_ament_install'
[0.348s] Level 1:colcon.colcon_core.package_identification:_identify(.) by extensions ['colcon_pkg']
[0.348s] Level 1:colcon.colcon_core.package_identification:_identify(.) by extension 'colcon_pkg'
[0.348s] Level 1:colcon.colcon_core.package_identification:_identify(.) by extensions ['colcon_meta']
[0.348s] Level 1:colcon.colcon_core.package_identification:_identify(.) by extension 'colcon_meta'
[0.348s] Level 1:colcon.colcon_core.package_identification:_identify(.) by extensions ['ros']
[0.348s] Level 1:colcon.colcon_core.package_identification:_identify(.) by extension 'ros'
[0.366s] Level 1:colcon.colcon_core.package_identification:_identify(.) by extensions ['cmake', 'python']
[0.366s] Level 1:colcon.colcon_core.package_identification:_identify(.) by extension 'cmake'
[0.366s] Level 1:colcon.colcon_core.package_identification:_identify(.) by extension 'python'
[0.366s] Level 1:colcon.colcon_core.package_identification:_identify(.) by extensions ['python_setup_py']
[0.366s] Level 1:colcon.colcon_core.package_identification:_identify(.) by extension 'python_setup_py'
[0.366s] Level 1:colcon.colcon_core.package_identification:_identify(ascamera) by extensions ['ignore', 'ignore_ament_install']
[0.367s] Level 1:colcon.colcon_core.package_identification:_identify(ascamera) by extension 'ignore'
[0.367s] Level 1:colcon.colcon_core.package_identification:_identify(ascamera) by extension 'ignore_ament_install'
[0.367s] Level 1:colcon.colcon_core.package_identification:_identify(ascamera) by extensions ['colcon_pkg']
[0.367s] Level 1:colcon.colcon_core.package_identification:_identify(ascamera) by extension 'colcon_pkg'
[0.367s] Level 1:colcon.colcon_core.package_identification:_identify(ascamera) by extensions ['colcon_meta']
[0.367s] Level 1:colcon.colcon_core.package_identification:_identify(ascamera) by extension 'colcon_meta'
[0.368s] Level 1:colcon.colcon_core.package_identification:_identify(ascamera) by extensions ['ros']
[0.368s] Level 1:colcon.colcon_core.package_identification:_identify(ascamera) by extension 'ros'
[0.371s] DEBUG:colcon.colcon_core.package_identification:Package 'ascamera' with type 'ros.ament_cmake' and name 'ascamera'
[0.372s] Level 1:colcon.colcon_core.package_identification:_identify(build) by extensions ['ignore', 'ignore_ament_install']
[0.372s] Level 1:colcon.colcon_core.package_identification:_identify(build) by extension 'ignore'
[0.372s] Level 1:colcon.colcon_core.package_identification:_identify(build) ignored
[0.372s] Level 1:colcon.colcon_core.package_identification:_identify(install) by extensions ['ignore', 'ignore_ament_install']
[0.372s] Level 1:colcon.colcon_core.package_identification:_identify(install) by extension 'ignore'
[0.372s] Level 1:colcon.colcon_core.package_identification:_identify(install) ignored
[0.373s] Level 1:colcon.colcon_core.package_identification:_identify(log) by extensions ['ignore', 'ignore_ament_install']
[0.373s] Level 1:colcon.colcon_core.package_identification:_identify(log) by extension 'ignore'
[0.373s] Level 1:colcon.colcon_core.package_identification:_identify(log) ignored
[0.373s] Level 1:colcon.colcon_core.package_identification:_identify(src) by extensions ['ignore', 'ignore_ament_install']
[0.373s] Level 1:colcon.colcon_core.package_identification:_identify(src) by extension 'ignore'
[0.373s] Level 1:colcon.colcon_core.package_identification:_identify(src) by extension 'ignore_ament_install'
[0.373s] Level 1:colcon.colcon_core.package_identification:_identify(src) by extensions ['colcon_pkg']
[0.373s] Level 1:colcon.colcon_core.package_identification:_identify(src) by extension 'colcon_pkg'
[0.373s] Level 1:colcon.colcon_core.package_identification:_identify(src) by extensions ['colcon_meta']
[0.373s] Level 1:colcon.colcon_core.package_identification:_identify(src) by extension 'colcon_meta'
[0.373s] Level 1:colcon.colcon_core.package_identification:_identify(src) by extensions ['ros']
[0.373s] Level 1:colcon.colcon_core.package_identification:_identify(src) by extension 'ros'
[0.374s] Level 1:colcon.colcon_core.package_identification:_identify(src) by extensions ['cmake', 'python']
[0.374s] Level 1:colcon.colcon_core.package_identification:_identify(src) by extension 'cmake'
[0.374s] Level 1:colcon.colcon_core.package_identification:_identify(src) by extension 'python'
[0.374s] Level 1:colcon.colcon_core.package_identification:_identify(src) by extensions ['python_setup_py']
[0.374s] Level 1:colcon.colcon_core.package_identification:_identify(src) by extension 'python_setup_py'
[0.374s] Level 1:colcon.colcon_core.package_identification:_identify(src/build) by extensions ['ignore', 'ignore_ament_install']
[0.374s] Level 1:colcon.colcon_core.package_identification:_identify(src/build) by extension 'ignore'
[0.374s] Level 1:colcon.colcon_core.package_identification:_identify(src/build) ignored
[0.374s] Level 1:colcon.colcon_core.package_identification:_identify(src/camera_image_display) by extensions ['ignore', 'ignore_ament_install']
[0.374s] Level 1:colcon.colcon_core.package_identification:_identify(src/camera_image_display) by extension 'ignore'
[0.374s] Level 1:colcon.colcon_core.package_identification:_identify(src/camera_image_display) by extension 'ignore_ament_install'
[0.374s] Level 1:colcon.colcon_core.package_identification:_identify(src/camera_image_display) by extensions ['colcon_pkg']
[0.374s] Level 1:colcon.colcon_core.package_identification:_identify(src/camera_image_display) by extension 'colcon_pkg'
[0.374s] Level 1:colcon.colcon_core.package_identification:_identify(src/camera_image_display) by extensions ['colcon_meta']
[0.374s] Level 1:colcon.colcon_core.package_identification:_identify(src/camera_image_display) by extension 'colcon_meta'
[0.374s] Level 1:colcon.colcon_core.package_identification:_identify(src/camera_image_display) by extensions ['ros']
[0.375s] Level 1:colcon.colcon_core.package_identification:_identify(src/camera_image_display) by extension 'ros'
[0.376s] DEBUG:colcon.colcon_core.package_identification:Package 'src/camera_image_display' with type 'ros.ament_python' and name 'camera_image_display'
[0.377s] Level 1:colcon.colcon_core.package_identification:_identify(src/install) by extensions ['ignore', 'ignore_ament_install']
[0.377s] Level 1:colcon.colcon_core.package_identification:_identify(src/install) by extension 'ignore'
[0.377s] Level 1:colcon.colcon_core.package_identification:_identify(src/install) ignored
[0.377s] Level 1:colcon.colcon_core.package_identification:_identify(src/log) by extensions ['ignore', 'ignore_ament_install']
[0.378s] Level 1:colcon.colcon_core.package_identification:_identify(src/log) by extension 'ignore'
[0.378s] Level 1:colcon.colcon_core.package_identification:_identify(src/log) ignored
[0.378s] Level 1:colcon.colcon_core.package_discovery:discover_packages(recursive) using defaults
[0.378s] Level 1:colcon.colcon_core.package_discovery:discover_packages(ignore) discover
[0.378s] Level 1:colcon.colcon_core.package_discovery:discover_packages(ignore) using defaults
[0.378s] Level 1:colcon.colcon_core.package_discovery:discover_packages(path) discover
[0.379s] Level 1:colcon.colcon_core.package_discovery:discover_packages(path) using defaults
[0.413s] Level 1:colcon.colcon_core.package_discovery:discover_packages(prefix_path) check parameters
[0.413s] Level 1:colcon.colcon_core.package_discovery:discover_packages(prefix_path) discover
[0.415s] DEBUG:colcon.colcon_installed_package_information.package_discovery:Found 2 installed packages in /home/elf/ros_ws/install
[0.416s] DEBUG:colcon.colcon_installed_package_information.package_discovery:Found 274 installed packages in /opt/ros/humble
[0.447s] Level 1:colcon.colcon_core.package_discovery:discover_packages(prefix_path) using defaults
[0.498s] Level 5:colcon.colcon_core.verb:set package 'ascamera' build argument 'cmake_args' from command line to 'None'
[0.498s] Level 5:colcon.colcon_core.verb:set package 'ascamera' build argument 'cmake_target' from command line to 'None'
[0.498s] Level 5:colcon.colcon_core.verb:set package 'ascamera' build argument 'cmake_target_skip_unavailable' from command line to 'False'
[0.498s] Level 5:colcon.colcon_core.verb:set package 'ascamera' build argument 'cmake_clean_cache' from command line to 'False'
[0.498s] Level 5:colcon.colcon_core.verb:set package 'ascamera' build argument 'cmake_clean_first' from command line to 'False'
[0.498s] Level 5:colcon.colcon_core.verb:set package 'ascamera' build argument 'cmake_force_configure' from command line to 'False'
[0.498s] Level 5:colcon.colcon_core.verb:set package 'ascamera' build argument 'ament_cmake_args' from command line to 'None'
[0.498s] Level 5:colcon.colcon_core.verb:set package 'ascamera' build argument 'catkin_cmake_args' from command line to 'None'
[0.498s] Level 5:colcon.colcon_core.verb:set package 'ascamera' build argument 'catkin_skip_building_tests' from command line to 'False'
[0.498s] DEBUG:colcon.colcon_core.verb:Building package 'ascamera' with the following arguments: {'ament_cmake_args': None, 'build_base': '/home/elf/ros_ws/build/ascamera', 'catkin_cmake_args': None, 'catkin_skip_building_tests': False, 'cmake_args': None, 'cmake_clean_cache': False, 'cmake_clean_first': False, 'cmake_force_configure': False, 'cmake_target': None, 'cmake_target_skip_unavailable': False, 'install_base': '/home/elf/ros_ws/install/ascamera', 'merge_install': False, 'path': '/home/elf/ros_ws/ascamera', 'symlink_install': False, 'test_result_base': None}
[0.498s] Level 5:colcon.colcon_core.verb:set package 'camera_image_display' build argument 'cmake_args' from command line to 'None'
[0.498s] Level 5:colcon.colcon_core.verb:set package 'camera_image_display' build argument 'cmake_target' from command line to 'None'
[0.499s] Level 5:colcon.colcon_core.verb:set package 'camera_image_display' build argument 'cmake_target_skip_unavailable' from command line to 'False'
[0.499s] Level 5:colcon.colcon_core.verb:set package 'camera_image_display' build argument 'cmake_clean_cache' from command line to 'False'
[0.499s] Level 5:colcon.colcon_core.verb:set package 'camera_image_display' build argument 'cmake_clean_first' from command line to 'False'
[0.499s] Level 5:colcon.colcon_core.verb:set package 'camera_image_display' build argument 'cmake_force_configure' from command line to 'False'
[0.499s] Level 5:colcon.colcon_core.verb:set package 'camera_image_display' build argument 'ament_cmake_args' from command line to 'None'
[0.499s] Level 5:colcon.colcon_core.verb:set package 'camera_image_display' build argument 'catkin_cmake_args' from command line to 'None'
[0.499s] Level 5:colcon.colcon_core.verb:set package 'camera_image_display' build argument 'catkin_skip_building_tests' from command line to 'False'
[0.499s] DEBUG:colcon.colcon_core.verb:Building package 'camera_image_display' with the following arguments: {'ament_cmake_args': None, 'build_base': '/home/elf/ros_ws/build/camera_image_display', 'catkin_cmake_args': None, 'catkin_skip_building_tests': False, 'cmake_args': None, 'cmake_clean_cache': False, 'cmake_clean_first': False, 'cmake_force_configure': False, 'cmake_target': None, 'cmake_target_skip_unavailable': False, 'install_base': '/home/elf/ros_ws/install/camera_image_display', 'merge_install': False, 'path': '/home/elf/ros_ws/src/camera_image_display', 'symlink_install': False, 'test_result_base': None}
[0.499s] INFO:colcon.colcon_core.executor:Executing jobs using 'parallel' executor
[0.500s] DEBUG:colcon.colcon_parallel_executor.executor.parallel:run_until_complete
[0.501s] INFO:colcon.colcon_ros.task.ament_cmake.build:Building ROS package in '/home/elf/ros_ws/ascamera' with build type 'ament_cmake'
[0.501s] INFO:colcon.colcon_cmake.task.cmake.build:Building CMake package in '/home/elf/ros_ws/ascamera'
[0.504s] INFO:colcon.colcon_core.plugin_system:Skipping extension 'colcon_core.shell.bat': Not used on non-Windows systems
[0.505s] INFO:colcon.colcon_core.shell:Skip shell extension 'powershell' for command environment: Not usable outside of PowerShell
[0.505s] DEBUG:colcon.colcon_core.shell:Skip shell extension 'dsv' for command environment
[0.509s] INFO:colcon.colcon_ros.task.ament_python.build:Building ROS package in '/home/elf/ros_ws/src/camera_image_display' with build type 'ament_python'
[0.509s] Level 1:colcon.colcon_core.shell:create_environment_hook('camera_image_display', 'ament_prefix_path')
[0.510s] INFO:colcon.colcon_core.shell:Creating environment hook '/home/elf/ros_ws/install/camera_image_display/share/camera_image_display/hook/ament_prefix_path.ps1'
[0.511s] INFO:colcon.colcon_core.shell:Creating environment descriptor '/home/elf/ros_ws/install/camera_image_display/share/camera_image_display/hook/ament_prefix_path.dsv'
[0.511s] INFO:colcon.colcon_core.shell:Creating environment hook '/home/elf/ros_ws/install/camera_image_display/share/camera_image_display/hook/ament_prefix_path.sh'
[0.512s] INFO:colcon.colcon_core.shell:Skip shell extension 'powershell' for command environment: Not usable outside of PowerShell
[0.513s] DEBUG:colcon.colcon_core.shell:Skip shell extension 'dsv' for command environment
[0.523s] DEBUG:colcon.colcon_core.event_handler.log_command:Invoking command in '/home/elf/ros_ws/build/ascamera': CMAKE_PREFIX_PATH=${CMAKE_PREFIX_PATH}:/home/elf/ros_ws/install/camera_image_display:/opt/ros/humble CONDA_PROMPT_MODIFIER=(base) /usr/bin/cmake --build /home/elf/ros_ws/build/ascamera -- -j8 -l8
[0.901s] INFO:colcon.colcon_core.task.python.build:Building Python package in '/home/elf/ros_ws/src/camera_image_display'
[0.902s] INFO:colcon.colcon_core.shell:Skip shell extension 'powershell' for command environment: Not usable outside of PowerShell
[0.902s] DEBUG:colcon.colcon_core.shell:Skip shell extension 'dsv' for command environment
[0.909s] DEBUG:colcon.colcon_core.event_handler.log_command:Invoked command in '/home/elf/ros_ws/build/ascamera' returned '0': CMAKE_PREFIX_PATH=${CMAKE_PREFIX_PATH}:/home/elf/ros_ws/install/camera_image_display:/opt/ros/humble CONDA_PROMPT_MODIFIER=(base) /usr/bin/cmake --build /home/elf/ros_ws/build/ascamera -- -j8 -l8
[0.944s] DEBUG:colcon.colcon_core.event_handler.log_command:Invoking command in '/home/elf/ros_ws/build/ascamera': CMAKE_PREFIX_PATH=${CMAKE_PREFIX_PATH}:/home/elf/ros_ws/install/camera_image_display:/opt/ros/humble CONDA_PROMPT_MODIFIER=(base) /usr/bin/cmake --install /home/elf/ros_ws/build/ascamera
[0.986s] Level 1:colcon.colcon_core.environment:create_environment_scripts_only(ascamera)
[0.987s] DEBUG:colcon.colcon_core.event_handler.log_command:Invoked command in '/home/elf/ros_ws/build/ascamera' returned '0': CMAKE_PREFIX_PATH=${CMAKE_PREFIX_PATH}:/home/elf/ros_ws/install/camera_image_display:/opt/ros/humble CONDA_PROMPT_MODIFIER=(base) /usr/bin/cmake --install /home/elf/ros_ws/build/ascamera
[0.990s] Level 1:colcon.colcon_core.environment:checking '/home/elf/ros_ws/install/ascamera' for CMake module files
[0.990s] Level 1:colcon.colcon_core.environment:checking '/home/elf/ros_ws/install/ascamera' for CMake config files
[0.991s] Level 1:colcon.colcon_core.shell:create_environment_hook('ascamera', 'cmake_prefix_path')
[0.991s] INFO:colcon.colcon_core.shell:Creating environment hook '/home/elf/ros_ws/install/ascamera/share/ascamera/hook/cmake_prefix_path.ps1'
[0.992s] INFO:colcon.colcon_core.shell:Creating environment descriptor '/home/elf/ros_ws/install/ascamera/share/ascamera/hook/cmake_prefix_path.dsv'
[0.993s] INFO:colcon.colcon_core.shell:Creating environment hook '/home/elf/ros_ws/install/ascamera/share/ascamera/hook/cmake_prefix_path.sh'
[0.994s] Level 1:colcon.colcon_core.environment:checking '/home/elf/ros_ws/install/ascamera/lib'
[0.994s] Level 1:colcon.colcon_core.environment:checking '/home/elf/ros_ws/install/ascamera/bin'
[0.994s] Level 1:colcon.colcon_core.environment:checking '/home/elf/ros_ws/install/ascamera/lib/pkgconfig/ascamera.pc'
[0.994s] Level 1:colcon.colcon_core.environment:checking '/home/elf/ros_ws/install/ascamera/lib/python3.10/site-packages'
[0.995s] Level 1:colcon.colcon_core.environment:checking '/home/elf/ros_ws/install/ascamera/bin'
[0.995s] INFO:colcon.colcon_core.shell:Creating package script '/home/elf/ros_ws/install/ascamera/share/ascamera/package.ps1'
[0.998s] INFO:colcon.colcon_core.shell:Creating package descriptor '/home/elf/ros_ws/install/ascamera/share/ascamera/package.dsv'
[0.999s] INFO:colcon.colcon_core.shell:Creating package script '/home/elf/ros_ws/install/ascamera/share/ascamera/package.sh'
[1.000s] INFO:colcon.colcon_core.shell:Creating package script '/home/elf/ros_ws/install/ascamera/share/ascamera/package.bash'
[1.002s] INFO:colcon.colcon_core.shell:Creating package script '/home/elf/ros_ws/install/ascamera/share/ascamera/package.zsh'
[1.003s] Level 1:colcon.colcon_core.environment:create_file_with_runtime_dependencies(/home/elf/ros_ws/install/ascamera/share/colcon-core/packages/ascamera)
[1.005s] Level 1:colcon.colcon_core.environment:create_environment_scripts_only(ascamera)
[1.005s] Level 1:colcon.colcon_core.environment:checking '/home/elf/ros_ws/install/ascamera' for CMake module files
[1.006s] Level 1:colcon.colcon_core.environment:checking '/home/elf/ros_ws/install/ascamera' for CMake config files
[1.006s] Level 1:colcon.colcon_core.shell:create_environment_hook('ascamera', 'cmake_prefix_path')
[1.007s] INFO:colcon.colcon_core.shell:Creating environment hook '/home/elf/ros_ws/install/ascamera/share/ascamera/hook/cmake_prefix_path.ps1'
[1.008s] INFO:colcon.colcon_core.shell:Creating environment descriptor '/home/elf/ros_ws/install/ascamera/share/ascamera/hook/cmake_prefix_path.dsv'
[1.008s] INFO:colcon.colcon_core.shell:Creating environment hook '/home/elf/ros_ws/install/ascamera/share/ascamera/hook/cmake_prefix_path.sh'
[1.009s] Level 1:colcon.colcon_core.environment:checking '/home/elf/ros_ws/install/ascamera/lib'
[1.009s] Level 1:colcon.colcon_core.environment:checking '/home/elf/ros_ws/install/ascamera/bin'
[1.009s] Level 1:colcon.colcon_core.environment:checking '/home/elf/ros_ws/install/ascamera/lib/pkgconfig/ascamera.pc'
[1.009s] Level 1:colcon.colcon_core.environment:checking '/home/elf/ros_ws/install/ascamera/lib/python3.10/site-packages'
[1.010s] Level 1:colcon.colcon_core.environment:checking '/home/elf/ros_ws/install/ascamera/bin'
[1.010s] INFO:colcon.colcon_core.shell:Creating package script '/home/elf/ros_ws/install/ascamera/share/ascamera/package.ps1'
[1.011s] INFO:colcon.colcon_core.shell:Creating package descriptor '/home/elf/ros_ws/install/ascamera/share/ascamera/package.dsv'
[1.012s] INFO:colcon.colcon_core.shell:Creating package script '/home/elf/ros_ws/install/ascamera/share/ascamera/package.sh'
[1.012s] INFO:colcon.colcon_core.shell:Creating package script '/home/elf/ros_ws/install/ascamera/share/ascamera/package.bash'
[1.013s] INFO:colcon.colcon_core.shell:Creating package script '/home/elf/ros_ws/install/ascamera/share/ascamera/package.zsh'
[1.013s] Level 1:colcon.colcon_core.environment:create_file_with_runtime_dependencies(/home/elf/ros_ws/install/ascamera/share/colcon-core/packages/ascamera)
[1.464s] DEBUG:colcon.colcon_core.event_handler.log_command:Invoking command in '/home/elf/ros_ws/src/camera_image_display': CONDA_PROMPT_MODIFIER=(base) PYTHONPATH=/home/elf/ros_ws/build/camera_image_display/prefix_override:/usr/lib/python3/dist-packages/colcon_core/task/python/colcon_distutils_commands:/home/elf/ros_ws/install/camera_image_display/lib/python3.10/site-packages:${PYTHONPATH} /usr/bin/python3 -W ignore:setup.py install is deprecated -W ignore:easy_install command is deprecated setup.py egg_info --egg-base ../../build/camera_image_display build --build-base /home/elf/ros_ws/build/camera_image_display/build install --record /home/elf/ros_ws/build/camera_image_display/install.log --single-version-externally-managed install_data
[1.914s] Level 1:colcon.colcon_core.environment:checking '/home/elf/ros_ws/install/camera_image_display' for CMake module files
[1.916s] DEBUG:colcon.colcon_core.event_handler.log_command:Invoked command in '/home/elf/ros_ws/src/camera_image_display' returned '0': CONDA_PROMPT_MODIFIER=(base) PYTHONPATH=/home/elf/ros_ws/build/camera_image_display/prefix_override:/usr/lib/python3/dist-packages/colcon_core/task/python/colcon_distutils_commands:/home/elf/ros_ws/install/camera_image_display/lib/python3.10/site-packages:${PYTHONPATH} /usr/bin/python3 -W ignore:setup.py install is deprecated -W ignore:easy_install command is deprecated setup.py egg_info --egg-base ../../build/camera_image_display build --build-base /home/elf/ros_ws/build/camera_image_display/build install --record /home/elf/ros_ws/build/camera_image_display/install.log --single-version-externally-managed install_data
[1.918s] Level 1:colcon.colcon_core.environment:checking '/home/elf/ros_ws/install/camera_image_display' for CMake config files
[1.921s] Level 1:colcon.colcon_core.environment:checking '/home/elf/ros_ws/install/camera_image_display/lib'
[1.922s] Level 1:colcon.colcon_core.environment:checking '/home/elf/ros_ws/install/camera_image_display/bin'
[1.922s] Level 1:colcon.colcon_core.environment:checking '/home/elf/ros_ws/install/camera_image_display/lib/pkgconfig/camera_image_display.pc'
[1.923s] Level 1:colcon.colcon_core.environment:checking '/home/elf/ros_ws/install/camera_image_display/lib/python3.10/site-packages'
[1.924s] Level 1:colcon.colcon_core.shell:create_environment_hook('camera_image_display', 'pythonpath')
[1.925s] INFO:colcon.colcon_core.shell:Creating environment hook '/home/elf/ros_ws/install/camera_image_display/share/camera_image_display/hook/pythonpath.ps1'
[1.927s] INFO:colcon.colcon_core.shell:Creating environment descriptor '/home/elf/ros_ws/install/camera_image_display/share/camera_image_display/hook/pythonpath.dsv'
[1.929s] INFO:colcon.colcon_core.shell:Creating environment hook '/home/elf/ros_ws/install/camera_image_display/share/camera_image_display/hook/pythonpath.sh'
[1.931s] Level 1:colcon.colcon_core.environment:checking '/home/elf/ros_ws/install/camera_image_display/bin'
[1.931s] Level 1:colcon.colcon_core.environment:create_environment_scripts_only(camera_image_display)
[1.933s] INFO:colcon.colcon_core.shell:Creating package script '/home/elf/ros_ws/install/camera_image_display/share/camera_image_display/package.ps1'
[1.934s] INFO:colcon.colcon_core.shell:Creating package descriptor '/home/elf/ros_ws/install/camera_image_display/share/camera_image_display/package.dsv'
[1.936s] INFO:colcon.colcon_core.shell:Creating package script '/home/elf/ros_ws/install/camera_image_display/share/camera_image_display/package.sh'
[1.938s] INFO:colcon.colcon_core.shell:Creating package script '/home/elf/ros_ws/install/camera_image_display/share/camera_image_display/package.bash'
[1.939s] INFO:colcon.colcon_core.shell:Creating package script '/home/elf/ros_ws/install/camera_image_display/share/camera_image_display/package.zsh'
[1.940s] Level 1:colcon.colcon_core.environment:create_file_with_runtime_dependencies(/home/elf/ros_ws/install/camera_image_display/share/colcon-core/packages/camera_image_display)
[1.941s] DEBUG:colcon.colcon_parallel_executor.executor.parallel:closing loop
[1.944s] DEBUG:colcon.colcon_parallel_executor.executor.parallel:loop closed
[1.945s] DEBUG:colcon.colcon_parallel_executor.executor.parallel:run_until_complete finished with '0'
[1.945s] DEBUG:colcon.colcon_core.event_reactor:joining thread
[1.963s] INFO:colcon.colcon_core.plugin_system:Skipping extension 'colcon_notification.desktop_notification.terminal_notifier': Not used on non-Darwin systems
[1.964s] INFO:colcon.colcon_core.plugin_system:Skipping extension 'colcon_notification.desktop_notification.win32': Not used on non-Windows systems
[1.964s] INFO:colcon.colcon_notification.desktop_notification:Sending desktop notification using 'notify2'
[2.001s] DEBUG:colcon.colcon_core.event_reactor:joined thread
[2.003s] INFO:colcon.colcon_core.shell:Creating prefix script '/home/elf/ros_ws/install/local_setup.ps1'
[2.008s] INFO:colcon.colcon_core.shell:Creating prefix util module '/home/elf/ros_ws/install/_local_setup_util_ps1.py'
[2.016s] INFO:colcon.colcon_core.shell:Creating prefix chain script '/home/elf/ros_ws/install/setup.ps1'
[2.021s] INFO:colcon.colcon_core.shell:Creating prefix script '/home/elf/ros_ws/install/local_setup.sh'
[2.024s] INFO:colcon.colcon_core.shell:Creating prefix util module '/home/elf/ros_ws/install/_local_setup_util_sh.py'
[2.027s] INFO:colcon.colcon_core.shell:Creating prefix chain script '/home/elf/ros_ws/install/setup.sh'
[2.033s] INFO:colcon.colcon_core.shell:Creating prefix script '/home/elf/ros_ws/install/local_setup.bash'
[2.036s] INFO:colcon.colcon_core.shell:Creating prefix chain script '/home/elf/ros_ws/install/setup.bash'
[2.040s] INFO:colcon.colcon_core.shell:Creating prefix script '/home/elf/ros_ws/install/local_setup.zsh'
[2.042s] INFO:colcon.colcon_core.shell:Creating prefix chain script '/home/elf/ros_ws/install/setup.zsh'
