[0.162s] DEBUG:colcon:Command line arguments: ['/usr/bin/colcon', 'build', '--symlink-install']
[0.162s] DEBUG:colcon:Parsed command line arguments: Namespace(log_base=None, log_level=None, verb_name='build', build_base='build', install_base='install', merge_install=False, symlink_install=True, test_result_base=None, continue_on_error=False, executor='parallel', parallel_workers=8, event_handlers=None, ignore_user_meta=False, metas=['./colcon.meta'], base_paths=['.'], packages_ignore=None, packages_ignore_regex=None, paths=None, packages_up_to=None, packages_up_to_regex=None, packages_above=None, packages_above_and_dependencies=None, packages_above_depth=None, packages_select_by_dep=None, packages_skip_by_dep=None, packages_skip_up_to=None, packages_select_build_failed=False, packages_skip_build_finished=False, packages_select_test_failures=False, packages_skip_test_passed=False, packages_select=None, packages_skip=None, packages_select_regex=None, packages_skip_regex=None, packages_start=None, packages_end=None, allow_overriding=[], cmake_args=None, cmake_target=None, cmake_target_skip_unavailable=False, cmake_clean_cache=False, cmake_clean_first=False, cmake_force_configure=False, ament_cmake_args=None, catkin_cmake_args=None, catkin_skip_building_tests=False, verb_parser=<colcon_defaults.argument_parser.defaults.DefaultArgumentsDecorator object at 0x7fad32fa30>, verb_extension=<colcon_core.verb.build.BuildVerb object at 0x7fad510ee0>, main=<bound method BuildVerb.main of <colcon_core.verb.build.BuildVerb object at 0x7fad510ee0>>)
[0.383s] Level 1:colcon.colcon_core.package_discovery:discover_packages(colcon_meta) check parameters
[0.384s] Level 1:colcon.colcon_core.package_discovery:discover_packages(recursive) check parameters
[0.384s] Level 1:colcon.colcon_core.package_discovery:discover_packages(ignore) check parameters
[0.384s] Level 1:colcon.colcon_core.package_discovery:discover_packages(path) check parameters
[0.384s] Level 1:colcon.colcon_core.package_discovery:discover_packages(colcon_meta) discover
[0.384s] Level 1:colcon.colcon_core.package_discovery:discover_packages(recursive) discover
[0.384s] INFO:colcon.colcon_core.package_discovery:Crawling recursively for packages in '/home/elf/ros_ws'
[0.384s] Level 1:colcon.colcon_core.package_identification:_identify(.) by extensions ['ignore', 'ignore_ament_install']
[0.384s] Level 1:colcon.colcon_core.package_identification:_identify(.) by extension 'ignore'
[0.385s] Level 1:colcon.colcon_core.package_identification:_identify(.) by extension 'ignore_ament_install'
[0.385s] Level 1:colcon.colcon_core.package_identification:_identify(.) by extensions ['colcon_pkg']
[0.385s] Level 1:colcon.colcon_core.package_identification:_identify(.) by extension 'colcon_pkg'
[0.385s] Level 1:colcon.colcon_core.package_identification:_identify(.) by extensions ['colcon_meta']
[0.385s] Level 1:colcon.colcon_core.package_identification:_identify(.) by extension 'colcon_meta'
[0.385s] Level 1:colcon.colcon_core.package_identification:_identify(.) by extensions ['ros']
[0.385s] Level 1:colcon.colcon_core.package_identification:_identify(.) by extension 'ros'
[0.408s] Level 1:colcon.colcon_core.package_identification:_identify(.) by extensions ['cmake', 'python']
[0.408s] Level 1:colcon.colcon_core.package_identification:_identify(.) by extension 'cmake'
[0.408s] Level 1:colcon.colcon_core.package_identification:_identify(.) by extension 'python'
[0.409s] Level 1:colcon.colcon_core.package_identification:_identify(.) by extensions ['python_setup_py']
[0.409s] Level 1:colcon.colcon_core.package_identification:_identify(.) by extension 'python_setup_py'
[0.409s] Level 1:colcon.colcon_core.package_identification:_identify(ascamera) by extensions ['ignore', 'ignore_ament_install']
[0.409s] Level 1:colcon.colcon_core.package_identification:_identify(ascamera) by extension 'ignore'
[0.409s] Level 1:colcon.colcon_core.package_identification:_identify(ascamera) by extension 'ignore_ament_install'
[0.409s] Level 1:colcon.colcon_core.package_identification:_identify(ascamera) by extensions ['colcon_pkg']
[0.409s] Level 1:colcon.colcon_core.package_identification:_identify(ascamera) by extension 'colcon_pkg'
[0.409s] Level 1:colcon.colcon_core.package_identification:_identify(ascamera) by extensions ['colcon_meta']
[0.409s] Level 1:colcon.colcon_core.package_identification:_identify(ascamera) by extension 'colcon_meta'
[0.409s] Level 1:colcon.colcon_core.package_identification:_identify(ascamera) by extensions ['ros']
[0.409s] Level 1:colcon.colcon_core.package_identification:_identify(ascamera) by extension 'ros'
[0.413s] DEBUG:colcon.colcon_core.package_identification:Package 'ascamera' with type 'ros.ament_cmake' and name 'ascamera'
[0.413s] Level 1:colcon.colcon_core.package_identification:_identify(build) by extensions ['ignore', 'ignore_ament_install']
[0.413s] Level 1:colcon.colcon_core.package_identification:_identify(build) by extension 'ignore'
[0.413s] Level 1:colcon.colcon_core.package_identification:_identify(build) ignored
[0.414s] Level 1:colcon.colcon_core.package_identification:_identify(install) by extensions ['ignore', 'ignore_ament_install']
[0.414s] Level 1:colcon.colcon_core.package_identification:_identify(install) by extension 'ignore'
[0.414s] Level 1:colcon.colcon_core.package_identification:_identify(install) ignored
[0.414s] Level 1:colcon.colcon_core.package_identification:_identify(log) by extensions ['ignore', 'ignore_ament_install']
[0.414s] Level 1:colcon.colcon_core.package_identification:_identify(log) by extension 'ignore'
[0.414s] Level 1:colcon.colcon_core.package_identification:_identify(log) ignored
[0.414s] Level 1:colcon.colcon_core.package_identification:_identify(src) by extensions ['ignore', 'ignore_ament_install']
[0.414s] Level 1:colcon.colcon_core.package_identification:_identify(src) by extension 'ignore'
[0.414s] Level 1:colcon.colcon_core.package_identification:_identify(src) by extension 'ignore_ament_install'
[0.414s] Level 1:colcon.colcon_core.package_identification:_identify(src) by extensions ['colcon_pkg']
[0.414s] Level 1:colcon.colcon_core.package_identification:_identify(src) by extension 'colcon_pkg'
[0.414s] Level 1:colcon.colcon_core.package_identification:_identify(src) by extensions ['colcon_meta']
[0.414s] Level 1:colcon.colcon_core.package_identification:_identify(src) by extension 'colcon_meta'
[0.414s] Level 1:colcon.colcon_core.package_identification:_identify(src) by extensions ['ros']
[0.414s] Level 1:colcon.colcon_core.package_identification:_identify(src) by extension 'ros'
[0.414s] Level 1:colcon.colcon_core.package_identification:_identify(src) by extensions ['cmake', 'python']
[0.415s] Level 1:colcon.colcon_core.package_identification:_identify(src) by extension 'cmake'
[0.415s] Level 1:colcon.colcon_core.package_identification:_identify(src) by extension 'python'
[0.415s] Level 1:colcon.colcon_core.package_identification:_identify(src) by extensions ['python_setup_py']
[0.415s] Level 1:colcon.colcon_core.package_identification:_identify(src) by extension 'python_setup_py'
[0.415s] Level 1:colcon.colcon_core.package_identification:_identify(src/build) by extensions ['ignore', 'ignore_ament_install']
[0.415s] Level 1:colcon.colcon_core.package_identification:_identify(src/build) by extension 'ignore'
[0.415s] Level 1:colcon.colcon_core.package_identification:_identify(src/build) ignored
[0.415s] Level 1:colcon.colcon_core.package_identification:_identify(src/camera_image_display) by extensions ['ignore', 'ignore_ament_install']
[0.415s] Level 1:colcon.colcon_core.package_identification:_identify(src/camera_image_display) by extension 'ignore'
[0.415s] Level 1:colcon.colcon_core.package_identification:_identify(src/camera_image_display) by extension 'ignore_ament_install'
[0.415s] Level 1:colcon.colcon_core.package_identification:_identify(src/camera_image_display) by extensions ['colcon_pkg']
[0.415s] Level 1:colcon.colcon_core.package_identification:_identify(src/camera_image_display) by extension 'colcon_pkg'
[0.415s] Level 1:colcon.colcon_core.package_identification:_identify(src/camera_image_display) by extensions ['colcon_meta']
[0.415s] Level 1:colcon.colcon_core.package_identification:_identify(src/camera_image_display) by extension 'colcon_meta'
[0.415s] Level 1:colcon.colcon_core.package_identification:_identify(src/camera_image_display) by extensions ['ros']
[0.415s] Level 1:colcon.colcon_core.package_identification:_identify(src/camera_image_display) by extension 'ros'
[0.417s] DEBUG:colcon.colcon_core.package_identification:Package 'src/camera_image_display' with type 'ros.ament_python' and name 'camera_image_display'
[0.417s] Level 1:colcon.colcon_core.package_identification:_identify(src/install) by extensions ['ignore', 'ignore_ament_install']
[0.417s] Level 1:colcon.colcon_core.package_identification:_identify(src/install) by extension 'ignore'
[0.417s] Level 1:colcon.colcon_core.package_identification:_identify(src/install) ignored
[0.417s] Level 1:colcon.colcon_core.package_identification:_identify(src/log) by extensions ['ignore', 'ignore_ament_install']
[0.417s] Level 1:colcon.colcon_core.package_identification:_identify(src/log) by extension 'ignore'
[0.417s] Level 1:colcon.colcon_core.package_identification:_identify(src/log) ignored
[0.417s] Level 1:colcon.colcon_core.package_discovery:discover_packages(recursive) using defaults
[0.417s] Level 1:colcon.colcon_core.package_discovery:discover_packages(ignore) discover
[0.417s] Level 1:colcon.colcon_core.package_discovery:discover_packages(ignore) using defaults
[0.417s] Level 1:colcon.colcon_core.package_discovery:discover_packages(path) discover
[0.417s] Level 1:colcon.colcon_core.package_discovery:discover_packages(path) using defaults
[0.448s] Level 1:colcon.colcon_core.package_discovery:discover_packages(prefix_path) check parameters
[0.448s] Level 1:colcon.colcon_core.package_discovery:discover_packages(prefix_path) discover
[0.449s] WARNING:colcon.colcon_ros.prefix_path.ament:The path '/home/elf/ros_ws/install/camera_image_display' in the environment variable AMENT_PREFIX_PATH doesn't exist
[0.449s] WARNING:colcon.colcon_ros.prefix_path.ament:The path '/home/elf/ros_ws/install/ascamera' in the environment variable AMENT_PREFIX_PATH doesn't exist
[0.450s] WARNING:colcon.colcon_ros.prefix_path.catkin:The path '/home/elf/ros_ws/install/ascamera' in the environment variable CMAKE_PREFIX_PATH doesn't exist
[0.450s] DEBUG:colcon.colcon_installed_package_information.package_discovery:Found 0 installed packages in /home/elf/ros_ws/install
[0.452s] DEBUG:colcon.colcon_installed_package_information.package_discovery:Found 274 installed packages in /opt/ros/humble
[0.458s] Level 1:colcon.colcon_core.package_discovery:discover_packages(prefix_path) using defaults
[0.561s] Level 5:colcon.colcon_core.verb:set package 'ascamera' build argument 'cmake_args' from command line to 'None'
[0.562s] Level 5:colcon.colcon_core.verb:set package 'ascamera' build argument 'cmake_target' from command line to 'None'
[0.562s] Level 5:colcon.colcon_core.verb:set package 'ascamera' build argument 'cmake_target_skip_unavailable' from command line to 'False'
[0.562s] Level 5:colcon.colcon_core.verb:set package 'ascamera' build argument 'cmake_clean_cache' from command line to 'False'
[0.562s] Level 5:colcon.colcon_core.verb:set package 'ascamera' build argument 'cmake_clean_first' from command line to 'False'
[0.562s] Level 5:colcon.colcon_core.verb:set package 'ascamera' build argument 'cmake_force_configure' from command line to 'False'
[0.562s] Level 5:colcon.colcon_core.verb:set package 'ascamera' build argument 'ament_cmake_args' from command line to 'None'
[0.562s] Level 5:colcon.colcon_core.verb:set package 'ascamera' build argument 'catkin_cmake_args' from command line to 'None'
[0.562s] Level 5:colcon.colcon_core.verb:set package 'ascamera' build argument 'catkin_skip_building_tests' from command line to 'False'
[0.562s] DEBUG:colcon.colcon_core.verb:Building package 'ascamera' with the following arguments: {'ament_cmake_args': None, 'build_base': '/home/elf/ros_ws/build/ascamera', 'catkin_cmake_args': None, 'catkin_skip_building_tests': False, 'cmake_args': None, 'cmake_clean_cache': False, 'cmake_clean_first': False, 'cmake_force_configure': False, 'cmake_target': None, 'cmake_target_skip_unavailable': False, 'install_base': '/home/elf/ros_ws/install/ascamera', 'merge_install': False, 'path': '/home/elf/ros_ws/ascamera', 'symlink_install': True, 'test_result_base': None}
[0.562s] Level 5:colcon.colcon_core.verb:set package 'camera_image_display' build argument 'cmake_args' from command line to 'None'
[0.562s] Level 5:colcon.colcon_core.verb:set package 'camera_image_display' build argument 'cmake_target' from command line to 'None'
[0.563s] Level 5:colcon.colcon_core.verb:set package 'camera_image_display' build argument 'cmake_target_skip_unavailable' from command line to 'False'
[0.563s] Level 5:colcon.colcon_core.verb:set package 'camera_image_display' build argument 'cmake_clean_cache' from command line to 'False'
[0.563s] Level 5:colcon.colcon_core.verb:set package 'camera_image_display' build argument 'cmake_clean_first' from command line to 'False'
[0.563s] Level 5:colcon.colcon_core.verb:set package 'camera_image_display' build argument 'cmake_force_configure' from command line to 'False'
[0.563s] Level 5:colcon.colcon_core.verb:set package 'camera_image_display' build argument 'ament_cmake_args' from command line to 'None'
[0.563s] Level 5:colcon.colcon_core.verb:set package 'camera_image_display' build argument 'catkin_cmake_args' from command line to 'None'
[0.563s] Level 5:colcon.colcon_core.verb:set package 'camera_image_display' build argument 'catkin_skip_building_tests' from command line to 'False'
[0.563s] DEBUG:colcon.colcon_core.verb:Building package 'camera_image_display' with the following arguments: {'ament_cmake_args': None, 'build_base': '/home/elf/ros_ws/build/camera_image_display', 'catkin_cmake_args': None, 'catkin_skip_building_tests': False, 'cmake_args': None, 'cmake_clean_cache': False, 'cmake_clean_first': False, 'cmake_force_configure': False, 'cmake_target': None, 'cmake_target_skip_unavailable': False, 'install_base': '/home/elf/ros_ws/install/camera_image_display', 'merge_install': False, 'path': '/home/elf/ros_ws/src/camera_image_display', 'symlink_install': True, 'test_result_base': None}
[0.563s] INFO:colcon.colcon_core.executor:Executing jobs using 'parallel' executor
[0.565s] DEBUG:colcon.colcon_parallel_executor.executor.parallel:run_until_complete
[0.565s] INFO:colcon.colcon_ros.task.ament_cmake.build:Building ROS package in '/home/elf/ros_ws/ascamera' with build type 'ament_cmake'
[0.565s] INFO:colcon.colcon_cmake.task.cmake.build:Building CMake package in '/home/elf/ros_ws/ascamera'
[0.569s] INFO:colcon.colcon_core.plugin_system:Skipping extension 'colcon_core.shell.bat': Not used on non-Windows systems
[0.569s] INFO:colcon.colcon_core.shell:Skip shell extension 'powershell' for command environment: Not usable outside of PowerShell
[0.569s] DEBUG:colcon.colcon_core.shell:Skip shell extension 'dsv' for command environment
[0.573s] INFO:colcon.colcon_ros.task.ament_python.build:Building ROS package in '/home/elf/ros_ws/src/camera_image_display' with build type 'ament_python'
[0.574s] Level 1:colcon.colcon_core.shell:create_environment_hook('camera_image_display', 'ament_prefix_path')
[0.574s] INFO:colcon.colcon_core.shell:Creating environment hook '/home/elf/ros_ws/install/camera_image_display/share/camera_image_display/hook/ament_prefix_path.ps1'
[0.575s] INFO:colcon.colcon_core.shell:Creating environment descriptor '/home/elf/ros_ws/install/camera_image_display/share/camera_image_display/hook/ament_prefix_path.dsv'
[0.576s] INFO:colcon.colcon_core.shell:Creating environment hook '/home/elf/ros_ws/install/camera_image_display/share/camera_image_display/hook/ament_prefix_path.sh'
[0.577s] INFO:colcon.colcon_core.shell:Skip shell extension 'powershell' for command environment: Not usable outside of PowerShell
[0.577s] DEBUG:colcon.colcon_core.shell:Skip shell extension 'dsv' for command environment
[0.586s] DEBUG:colcon.colcon_core.event_handler.log_command:Invoking command in '/home/elf/ros_ws/build/ascamera': CMAKE_PREFIX_PATH=${CMAKE_PREFIX_PATH}:/home/elf/ros_ws/install/camera_image_display:/opt/ros/humble CONDA_PROMPT_MODIFIER=(base) VIRTUAL_ENV_PROMPT=(ros_venv) /usr/bin/cmake /home/elf/ros_ws/ascamera -DAMENT_CMAKE_SYMLINK_INSTALL=1 -DCMAKE_INSTALL_PREFIX=/home/elf/ros_ws/install/ascamera
[1.028s] INFO:colcon.colcon_core.task.python.build:Building Python package in '/home/elf/ros_ws/src/camera_image_display'
[1.029s] INFO:colcon.colcon_core.shell:Skip shell extension 'powershell' for command environment: Not usable outside of PowerShell
[1.029s] DEBUG:colcon.colcon_core.shell:Skip shell extension 'dsv' for command environment
[1.505s] DEBUG:colcon.colcon_core.event_handler.log_command:Invoking command in '/home/elf/ros_ws/build/camera_image_display': CONDA_PROMPT_MODIFIER=(base) PYTHONPATH=/home/elf/ros_ws/build/camera_image_display/prefix_override:/usr/lib/python3/dist-packages/colcon_core/task/python/colcon_distutils_commands:/home/elf/ros_ws/install/camera_image_display/lib/python3.10/site-packages:${PYTHONPATH} VIRTUAL_ENV_PROMPT=(ros_venv) /usr/bin/python3 -W ignore:setup.py install is deprecated -W ignore:easy_install command is deprecated setup.py develop --editable --build-directory /home/elf/ros_ws/build/camera_image_display/build --no-deps symlink_data
[2.196s] Level 1:colcon.colcon_core.shell:create_environment_hook('camera_image_display', 'pythonpath_develop')
[2.198s] INFO:colcon.colcon_core.shell:Creating environment hook '/home/elf/ros_ws/build/camera_image_display/share/camera_image_display/hook/pythonpath_develop.ps1'
[2.198s] DEBUG:colcon.colcon_core.event_handler.log_command:Invoked command in '/home/elf/ros_ws/build/camera_image_display' returned '0': CONDA_PROMPT_MODIFIER=(base) PYTHONPATH=/home/elf/ros_ws/build/camera_image_display/prefix_override:/usr/lib/python3/dist-packages/colcon_core/task/python/colcon_distutils_commands:/home/elf/ros_ws/install/camera_image_display/lib/python3.10/site-packages:${PYTHONPATH} VIRTUAL_ENV_PROMPT=(ros_venv) /usr/bin/python3 -W ignore:setup.py install is deprecated -W ignore:easy_install command is deprecated setup.py develop --editable --build-directory /home/elf/ros_ws/build/camera_image_display/build --no-deps symlink_data
[2.200s] INFO:colcon.colcon_core.shell:Creating environment descriptor '/home/elf/ros_ws/build/camera_image_display/share/camera_image_display/hook/pythonpath_develop.dsv'
[2.201s] INFO:colcon.colcon_core.shell:Creating environment hook '/home/elf/ros_ws/build/camera_image_display/share/camera_image_display/hook/pythonpath_develop.sh'
[2.210s] Level 1:colcon.colcon_core.environment:checking '/home/elf/ros_ws/install/camera_image_display' for CMake module files
[2.212s] Level 1:colcon.colcon_core.environment:checking '/home/elf/ros_ws/install/camera_image_display' for CMake config files
[2.215s] Level 1:colcon.colcon_core.environment:checking '/home/elf/ros_ws/install/camera_image_display/lib'
[2.215s] Level 1:colcon.colcon_core.environment:checking '/home/elf/ros_ws/install/camera_image_display/bin'
[2.215s] Level 1:colcon.colcon_core.environment:checking '/home/elf/ros_ws/install/camera_image_display/lib/pkgconfig/camera_image_display.pc'
[2.216s] Level 1:colcon.colcon_core.environment:checking '/home/elf/ros_ws/install/camera_image_display/lib/python3.10/site-packages'
[2.217s] Level 1:colcon.colcon_core.shell:create_environment_hook('camera_image_display', 'pythonpath')
[2.218s] INFO:colcon.colcon_core.shell:Creating environment hook '/home/elf/ros_ws/install/camera_image_display/share/camera_image_display/hook/pythonpath.ps1'
[2.219s] INFO:colcon.colcon_core.shell:Creating environment descriptor '/home/elf/ros_ws/install/camera_image_display/share/camera_image_display/hook/pythonpath.dsv'
[2.221s] INFO:colcon.colcon_core.shell:Creating environment hook '/home/elf/ros_ws/install/camera_image_display/share/camera_image_display/hook/pythonpath.sh'
[2.223s] Level 1:colcon.colcon_core.environment:checking '/home/elf/ros_ws/install/camera_image_display/bin'
[2.224s] Level 1:colcon.colcon_core.environment:create_environment_scripts_only(camera_image_display)
[2.225s] INFO:colcon.colcon_core.shell:Creating package script '/home/elf/ros_ws/install/camera_image_display/share/camera_image_display/package.ps1'
[2.229s] INFO:colcon.colcon_core.shell:Creating package descriptor '/home/elf/ros_ws/install/camera_image_display/share/camera_image_display/package.dsv'
[2.232s] INFO:colcon.colcon_core.shell:Creating package script '/home/elf/ros_ws/install/camera_image_display/share/camera_image_display/package.sh'
[2.235s] INFO:colcon.colcon_core.shell:Creating package script '/home/elf/ros_ws/install/camera_image_display/share/camera_image_display/package.bash'
[2.238s] INFO:colcon.colcon_core.shell:Creating package script '/home/elf/ros_ws/install/camera_image_display/share/camera_image_display/package.zsh'
[2.241s] Level 1:colcon.colcon_core.environment:create_file_with_runtime_dependencies(/home/elf/ros_ws/install/camera_image_display/share/colcon-core/packages/camera_image_display)
[6.924s] DEBUG:colcon.colcon_core.event_handler.log_command:Invoked command in '/home/elf/ros_ws/build/ascamera' returned '1': CMAKE_PREFIX_PATH=${CMAKE_PREFIX_PATH}:/home/elf/ros_ws/install/camera_image_display:/opt/ros/humble CONDA_PROMPT_MODIFIER=(base) VIRTUAL_ENV_PROMPT=(ros_venv) /usr/bin/cmake /home/elf/ros_ws/ascamera -DAMENT_CMAKE_SYMLINK_INSTALL=1 -DCMAKE_INSTALL_PREFIX=/home/elf/ros_ws/install/ascamera
[6.968s] Level 1:colcon.colcon_core.environment:create_environment_scripts_only(ascamera)
[6.970s] Level 1:colcon.colcon_core.environment:checking '/home/elf/ros_ws/install/ascamera' for CMake module files
[6.971s] Level 1:colcon.colcon_core.environment:checking '/home/elf/ros_ws/install/ascamera' for CMake config files
[6.972s] Level 1:colcon.colcon_core.environment:checking '/home/elf/ros_ws/install/ascamera/bin'
[6.972s] Level 1:colcon.colcon_core.environment:checking '/home/elf/ros_ws/install/ascamera/lib/pkgconfig/ascamera.pc'
[6.974s] Level 1:colcon.colcon_core.environment:checking '/home/elf/ros_ws/install/ascamera/lib/python3.10/site-packages'
[6.975s] Level 1:colcon.colcon_core.environment:checking '/home/elf/ros_ws/install/ascamera/bin'
[6.976s] INFO:colcon.colcon_core.shell:Creating package script '/home/elf/ros_ws/install/ascamera/share/ascamera/package.ps1'
[6.978s] INFO:colcon.colcon_core.shell:Creating package descriptor '/home/elf/ros_ws/install/ascamera/share/ascamera/package.dsv'
[6.979s] INFO:colcon.colcon_core.shell:Creating package script '/home/elf/ros_ws/install/ascamera/share/ascamera/package.sh'
[6.980s] INFO:colcon.colcon_core.shell:Creating package script '/home/elf/ros_ws/install/ascamera/share/ascamera/package.bash'
[6.982s] INFO:colcon.colcon_core.shell:Creating package script '/home/elf/ros_ws/install/ascamera/share/ascamera/package.zsh'
[6.983s] Level 1:colcon.colcon_core.environment:create_file_with_runtime_dependencies(/home/elf/ros_ws/install/ascamera/share/colcon-core/packages/ascamera)
[6.995s] DEBUG:colcon.colcon_parallel_executor.executor.parallel:closing loop
[6.996s] DEBUG:colcon.colcon_parallel_executor.executor.parallel:loop closed
[6.997s] DEBUG:colcon.colcon_parallel_executor.executor.parallel:run_until_complete finished with '1'
[6.997s] DEBUG:colcon.colcon_core.event_reactor:joining thread
[7.023s] INFO:colcon.colcon_core.plugin_system:Skipping extension 'colcon_notification.desktop_notification.terminal_notifier': Not used on non-Darwin systems
[7.023s] INFO:colcon.colcon_core.plugin_system:Skipping extension 'colcon_notification.desktop_notification.win32': Not used on non-Windows systems
[7.024s] INFO:colcon.colcon_notification.desktop_notification:Sending desktop notification using 'notify2'
[7.043s] DEBUG:colcon.colcon_core.event_reactor:joined thread
[7.044s] INFO:colcon.colcon_core.shell:Creating prefix script '/home/elf/ros_ws/install/local_setup.ps1'
[7.049s] INFO:colcon.colcon_core.shell:Creating prefix util module '/home/elf/ros_ws/install/_local_setup_util_ps1.py'
[7.051s] INFO:colcon.colcon_core.shell:Creating prefix chain script '/home/elf/ros_ws/install/setup.ps1'
[7.053s] INFO:colcon.colcon_core.shell:Creating prefix script '/home/elf/ros_ws/install/local_setup.sh'
[7.054s] INFO:colcon.colcon_core.shell:Creating prefix util module '/home/elf/ros_ws/install/_local_setup_util_sh.py'
[7.055s] INFO:colcon.colcon_core.shell:Creating prefix chain script '/home/elf/ros_ws/install/setup.sh'
[7.057s] INFO:colcon.colcon_core.shell:Creating prefix script '/home/elf/ros_ws/install/local_setup.bash'
[7.058s] INFO:colcon.colcon_core.shell:Creating prefix chain script '/home/elf/ros_ws/install/setup.bash'
[7.059s] INFO:colcon.colcon_core.shell:Creating prefix script '/home/elf/ros_ws/install/local_setup.zsh'
[7.060s] INFO:colcon.colcon_core.shell:Creating prefix chain script '/home/elf/ros_ws/install/setup.zsh'
