[0.946s] Invoking command in '/home/elf/ros_ws/src/camera_image_display': PYTHONPATH=/home/elf/ros_ws/build/camera_image_display/prefix_override:/usr/lib/python3/dist-packages/colcon_core/task/python/colcon_distutils_commands:/home/elf/ros_ws/install/camera_image_display/lib/python3.10/site-packages:${PYTHONPATH} /usr/bin/python3 -W ignore:setup.py install is deprecated -W ignore:easy_install command is deprecated setup.py egg_info --egg-base ../../build/camera_image_display build --build-base /home/elf/ros_ws/build/camera_image_display/build install --record /home/elf/ros_ws/build/camera_image_display/install.log --single-version-externally-managed install_data
[1.252s] running egg_info
[1.253s] writing ../../build/camera_image_display/camera_image_display.egg-info/PKG-INFO
[1.254s] writing dependency_links to ../../build/camera_image_display/camera_image_display.egg-info/dependency_links.txt
[1.254s] writing entry points to ../../build/camera_image_display/camera_image_display.egg-info/entry_points.txt
[1.255s] writing requirements to ../../build/camera_image_display/camera_image_display.egg-info/requires.txt
[1.255s] writing top-level names to ../../build/camera_image_display/camera_image_display.egg-info/top_level.txt
[1.256s] reading manifest file '../../build/camera_image_display/camera_image_display.egg-info/SOURCES.txt'
[1.258s] writing manifest file '../../build/camera_image_display/camera_image_display.egg-info/SOURCES.txt'
[1.258s] running build
[1.259s] running build_py
[1.259s] running install
[1.259s] running install_lib
[1.260s] running install_data
[1.261s] running install_egg_info
[1.263s] removing '/home/elf/ros_ws/install/camera_image_display/lib/python3.10/site-packages/camera_image_display-0.0.0-py3.10.egg-info' (and everything under it)
[1.263s] Copying ../../build/camera_image_display/camera_image_display.egg-info to /home/elf/ros_ws/install/camera_image_display/lib/python3.10/site-packages/camera_image_display-0.0.0-py3.10.egg-info
[1.264s] running install_scripts
[1.298s] Installing camera_image_display script to /home/elf/ros_ws/install/camera_image_display/lib/camera_image_display
[1.298s] writing list of installed files to '/home/elf/ros_ws/build/camera_image_display/install.log'
[1.388s] Invoked command in '/home/elf/ros_ws/src/camera_image_display' returned '0': PYTHONPATH=/home/elf/ros_ws/build/camera_image_display/prefix_override:/usr/lib/python3/dist-packages/colcon_core/task/python/colcon_distutils_commands:/home/elf/ros_ws/install/camera_image_display/lib/python3.10/site-packages:${PYTHONPATH} /usr/bin/python3 -W ignore:setup.py install is deprecated -W ignore:easy_install command is deprecated setup.py egg_info --egg-base ../../build/camera_image_display build --build-base /home/elf/ros_ws/build/camera_image_display/build install --record /home/elf/ros_ws/build/camera_image_display/install.log --single-version-externally-managed install_data
