[0.019s] Invoking command in '/home/elf/ros_ws/build/ascamera': CMAKE_PREFIX_PATH=${CMAKE_PREFIX_PATH}:/home/elf/ros_ws/install/camera_image_display:/opt/ros/humble CONDA_PROMPT_MODIFIER=(base) VIRTUAL_ENV_PROMPT=(ros_venv) /usr/bin/cmake /home/elf/ros_ws/ascamera -DAMENT_CMAKE_SYMLINK_INSTALL=1 -DCMAKE_INSTALL_PREFIX=/home/elf/ros_ws/install/ascamera
[0.166s] -- The C compiler identification is GNU 11.4.0
[0.299s] -- The CXX compiler identification is GNU 11.4.0
[0.313s] -- Detecting C compiler ABI info
[0.520s] -- Detecting C compiler ABI info - done
[0.558s] -- Check for working C compiler: /usr/bin/cc - skipped
[0.559s] -- Detecting C compile features
[0.561s] -- Detecting C compile features - done
[0.570s] -- Detecting CXX compiler ABI info
[0.763s] -- Detecting CXX compiler ABI info - done
[0.802s] -- Check for working CXX compiler: /usr/bin/c++ - skipped
[0.803s] -- Detecting CXX compile features
[0.805s] -- Detecting CXX compile features - done
[0.814s] [0mdefault compiler:aarch64-linux-gnu-g++[0m
[0.815s] -- Found ament_cmake: 1.3.11 (/opt/ros/humble/share/ament_cmake/cmake)
[1.108s] -- Found Python3: /home/elf/ros_venv/bin/python3 (found version "3.10.12") found components: Interpreter 
[1.259s] -- Override CMake install command with custom implementation using symlinks instead of copying resources
[1.288s] -- Found rclcpp: 16.0.12 (/opt/ros/humble/share/rclcpp/cmake)
[1.344s] -- Found rosidl_generator_c: 3.1.6 (/opt/ros/humble/share/rosidl_generator_c/cmake)
[1.349s] -- Found rosidl_adapter: 3.1.6 (/opt/ros/humble/share/rosidl_adapter/cmake)
[1.359s] -- Found rosidl_generator_cpp: 3.1.6 (/opt/ros/humble/share/rosidl_generator_cpp/cmake)
[1.377s] -- Using all available rosidl_typesupport_c: rosidl_typesupport_fastrtps_c;rosidl_typesupport_introspection_c
[1.399s] -- Using all available rosidl_typesupport_cpp: rosidl_typesupport_fastrtps_cpp;rosidl_typesupport_introspection_cpp
[1.465s] -- Found rmw_implementation_cmake: 6.1.2 (/opt/ros/humble/share/rmw_implementation_cmake/cmake)
[1.468s] -- Found rmw_fastrtps_cpp: 6.2.7 (/opt/ros/humble/share/rmw_fastrtps_cpp/cmake)
[1.628s] -- Found OpenSSL: /usr/lib/aarch64-linux-gnu/libcrypto.so (found version "3.0.2")  
[1.654s] -- Found FastRTPS: /opt/ros/humble/include  
[1.695s] -- Using RMW implementation 'rmw_fastrtps_cpp' as default
[1.703s] -- Looking for pthread.h
[1.893s] -- Looking for pthread.h - found
[1.893s] -- Performing Test CMAKE_HAVE_LIBC_PTHREAD
[2.093s] -- Performing Test CMAKE_HAVE_LIBC_PTHREAD - Success
[2.099s] -- Found Threads: TRUE  
[2.204s] -- Found sensor_msgs: 4.8.0 (/opt/ros/humble/share/sensor_msgs/cmake)
[2.251s] -- Found pcl_conversions: 2.4.5 (/opt/ros/humble/share/pcl_conversions/cmake)
[2.312s] -- Checking for module 'eigen3'
[2.339s] --   Found eigen3, version 3.4.0
[2.394s] -- Found Eigen: /usr/include/eigen3 (Required is at least version "3.1") 
[2.395s] -- Eigen found (include: /usr/include/eigen3, version: 3.4.0)
[2.433s] -- Checking for module 'flann'
[2.459s] --   Found flann, version 1.9.1
[2.524s] -- Found FLANN: /usr/lib/aarch64-linux-gnu/libflann_cpp.so  
[2.525s] -- FLANN found (include: /usr/include, lib: /usr/lib/aarch64-linux-gnu/libflann_cpp.so)
[4.803s] -- Checking for module 'libusb-1.0'
[4.828s] --   Found libusb-1.0, version 1.0.25
[4.890s] -- Found libusb: /usr/lib/aarch64-linux-gnu/libusb-1.0.so  
[4.891s] -- OpenNI found (version: 1.5.4.0, include: /usr/include/ni, lib: /usr/lib/libOpenNI.so;libusb::libusb)
[5.006s] -- OpenNI2 found (version: 2.2.0.33, include: /usr/include/openni2, lib: /usr/lib/aarch64-linux-gnu/libOpenNI2.so;libusb::libusb)
[5.257s] -- Eigen found (include: /usr/include/eigen3, version: 3.4.0)
[5.270s] -- OpenNI found (version: 1.5.4.0, include: /usr/include/ni, lib: /usr/lib/libOpenNI.so;libusb::libusb)
[5.283s] -- OpenNI2 found (version: 2.2.0.33, include: /usr/include/openni2, lib: /usr/lib/aarch64-linux-gnu/libOpenNI2.so;libusb::libusb)
[5.523s] -- Found Qhull version 8.0.2
[5.770s] -- OpenNI found (version: 1.5.4.0, include: /usr/include/ni, lib: /usr/lib/libOpenNI.so;libusb::libusb)
[6.014s] -- Found PCL_COMMON: /usr/lib/aarch64-linux-gnu/libpcl_common.so  
[6.015s] -- Found PCL_KDTREE: /usr/lib/aarch64-linux-gnu/libpcl_kdtree.so  
[6.018s] -- Found PCL_OCTREE: /usr/lib/aarch64-linux-gnu/libpcl_octree.so  
[6.019s] -- Found PCL_SEARCH: /usr/lib/aarch64-linux-gnu/libpcl_search.so  
[6.021s] -- Found PCL_SAMPLE_CONSENSUS: /usr/lib/aarch64-linux-gnu/libpcl_sample_consensus.so  
[6.022s] -- Found PCL_FILTERS: /usr/lib/aarch64-linux-gnu/libpcl_filters.so  
[6.023s] -- Found PCL_2D: /usr/include/pcl-1.12  
[6.023s] -- Found PCL_GEOMETRY: /usr/include/pcl-1.12  
[6.024s] -- Found PCL_IO: /usr/lib/aarch64-linux-gnu/libpcl_io.so  
[6.025s] -- Found PCL_FEATURES: /usr/lib/aarch64-linux-gnu/libpcl_features.so  
[6.027s] -- Found PCL_ML: /usr/lib/aarch64-linux-gnu/libpcl_ml.so  
[6.028s] -- Found PCL_SEGMENTATION: /usr/lib/aarch64-linux-gnu/libpcl_segmentation.so  
[6.030s] -- Found PCL_VISUALIZATION: /usr/lib/aarch64-linux-gnu/libpcl_visualization.so  
[6.031s] -- Found PCL_SURFACE: /usr/lib/aarch64-linux-gnu/libpcl_surface.so  
[6.033s] -- Found PCL_REGISTRATION: /usr/lib/aarch64-linux-gnu/libpcl_registration.so  
[6.034s] -- Found PCL_KEYPOINTS: /usr/lib/aarch64-linux-gnu/libpcl_keypoints.so  
[6.035s] -- Found PCL_TRACKING: /usr/lib/aarch64-linux-gnu/libpcl_tracking.so  
[6.036s] -- Found PCL_RECOGNITION: /usr/lib/aarch64-linux-gnu/libpcl_recognition.so  
[6.038s] -- Found PCL_STEREO: /usr/lib/aarch64-linux-gnu/libpcl_stereo.so  
[6.039s] -- Found PCL_APPS: /usr/lib/aarch64-linux-gnu/libpcl_apps.so  
[6.040s] -- Found PCL_IN_HAND_SCANNER: /usr/include/pcl-1.12  
[6.041s] -- Found PCL_MODELER: /usr/include/pcl-1.12  
[6.041s] -- Found PCL_POINT_CLOUD_EDITOR: /usr/include/pcl-1.12  
[6.043s] -- Found PCL_OUTOFCORE: /usr/lib/aarch64-linux-gnu/libpcl_outofcore.so  
[6.044s] -- Found PCL_PEOPLE: /usr/lib/aarch64-linux-gnu/libpcl_people.so  
[6.047s] [33mCMake Warning (dev) at CMakeLists.txt:40 (find_package):
[6.047s]   Policy CMP0074 is not set: find_package uses <PackageName>_ROOT variables.
[6.047s]   Run "cmake --help-policy CMP0074" for policy details.  Use the cmake_policy
[6.047s]   command to set the policy and suppress this warning.
[6.047s] 
[6.047s]   CMake variable PCL_ROOT is set to:
[6.047s] 
[6.047s]     /usr
[6.047s] 
[6.047s]   For compatibility, CMake is ignoring the variable.
[6.047s] This warning is for project developers.  Use -Wno-dev to suppress it.
[6.047s] [0m
[6.064s] -- Found tf2: 0.25.12 (/opt/ros/humble/share/tf2/cmake)
[6.077s] -- Found tf2_ros: 0.25.12 (/opt/ros/humble/share/tf2_ros/cmake)
[6.205s] -- Found tf2_geometry_msgs: 0.25.12 (/opt/ros/humble/share/tf2_geometry_msgs/cmake)
[6.218s] -- Found eigen3_cmake_module: 0.1.1 (/opt/ros/humble/share/eigen3_cmake_module/cmake)
[6.221s] -- Found Eigen3: TRUE (found version "3.4.0") 
[6.221s] -- Ensuring Eigen3 include directory is part of orocos-kdl CMake target
[6.241s] -- Found ament_lint_auto: 0.12.12 (/opt/ros/humble/share/ament_lint_auto/cmake)
[6.286s] Traceback (most recent call last):
[6.287s]   File "/opt/ros/humble/share/ament_cmake_core/cmake/core/package_xml_2_cmake.py", line 22, in <module>
[6.287s]     from catkin_pkg.package import parse_package_string
[6.287s] ModuleNotFoundError: No module named 'catkin_pkg'
[6.296s] [31mCMake Error at /opt/ros/humble/share/ament_cmake_core/cmake/core/ament_package_xml.cmake:95 (message):
[6.296s]   execute_process(/home/elf/ros_venv/bin/python3
[6.297s]   /opt/ros/humble/share/ament_cmake_core/cmake/core/package_xml_2_cmake.py
[6.297s]   /home/elf/ros_ws/ascamera/package.xml
[6.297s]   /home/elf/ros_ws/build/ascamera/ament_cmake_core/package.cmake) returned
[6.298s]   error code 1
[6.298s] Call Stack (most recent call first):
[6.298s]   /opt/ros/humble/share/ament_cmake_core/cmake/core/ament_package_xml.cmake:49 (_ament_package_xml)
[6.299s]   /opt/ros/humble/share/ament_lint_auto/cmake/ament_lint_auto_find_test_dependencies.cmake:31 (ament_package_xml)
[6.299s]   CMakeLists.txt:108 (ament_lint_auto_find_test_dependencies)
[6.299s] 
[6.300s] [0m
[6.300s] -- Configuring incomplete, errors occurred!
[6.301s] See also "/home/elf/ros_ws/build/ascamera/CMakeFiles/CMakeOutput.log".
[6.357s] Invoked command in '/home/elf/ros_ws/build/ascamera' returned '1': CMAKE_PREFIX_PATH=${CMAKE_PREFIX_PATH}:/home/elf/ros_ws/install/camera_image_display:/opt/ros/humble CONDA_PROMPT_MODIFIER=(base) VIRTUAL_ENV_PROMPT=(ros_venv) /usr/bin/cmake /home/elf/ros_ws/ascamera -DAMENT_CMAKE_SYMLINK_INSTALL=1 -DCMAKE_INSTALL_PREFIX=/home/elf/ros_ws/install/ascamera
