[0.935s] Invoking command in '/home/elf/ros_ws/src/camera_image_display': CONDA_PROMPT_MODIFIER=(base) PYTHONPATH=/home/elf/ros_ws/build/camera_image_display/prefix_override:/usr/lib/python3/dist-packages/colcon_core/task/python/colcon_distutils_commands:/home/elf/ros_ws/install/camera_image_display/lib/python3.10/site-packages:${PYTHONPATH} /usr/bin/python3 -W ignore:setup.py install is deprecated -W ignore:easy_install command is deprecated setup.py egg_info --egg-base ../../build/camera_image_display build --build-base /home/elf/ros_ws/build/camera_image_display/build install --record /home/elf/ros_ws/build/camera_image_display/install.log --single-version-externally-managed install_data
[1.239s] running egg_info
[1.240s] writing ../../build/camera_image_display/camera_image_display.egg-info/PKG-INFO
[1.240s] writing dependency_links to ../../build/camera_image_display/camera_image_display.egg-info/dependency_links.txt
[1.240s] writing entry points to ../../build/camera_image_display/camera_image_display.egg-info/entry_points.txt
[1.240s] writing requirements to ../../build/camera_image_display/camera_image_display.egg-info/requires.txt
[1.241s] writing top-level names to ../../build/camera_image_display/camera_image_display.egg-info/top_level.txt
[1.243s] reading manifest file '../../build/camera_image_display/camera_image_display.egg-info/SOURCES.txt'
[1.244s] writing manifest file '../../build/camera_image_display/camera_image_display.egg-info/SOURCES.txt'
[1.244s] running build
[1.245s] running build_py
[1.245s] running install
[1.245s] running install_lib
[1.247s] running install_data
[1.247s] running install_egg_info
[1.249s] removing '/home/elf/ros_ws/install/camera_image_display/lib/python3.10/site-packages/camera_image_display-0.0.0-py3.10.egg-info' (and everything under it)
[1.250s] Copying ../../build/camera_image_display/camera_image_display.egg-info to /home/elf/ros_ws/install/camera_image_display/lib/python3.10/site-packages/camera_image_display-0.0.0-py3.10.egg-info
[1.251s] running install_scripts
[1.283s] Installing camera_image_display script to /home/elf/ros_ws/install/camera_image_display/lib/camera_image_display
[1.283s] writing list of installed files to '/home/elf/ros_ws/build/camera_image_display/install.log'
[1.377s] Invoked command in '/home/elf/ros_ws/src/camera_image_display' returned '0': CONDA_PROMPT_MODIFIER=(base) PYTHONPATH=/home/elf/ros_ws/build/camera_image_display/prefix_override:/usr/lib/python3/dist-packages/colcon_core/task/python/colcon_distutils_commands:/home/elf/ros_ws/install/camera_image_display/lib/python3.10/site-packages:${PYTHONPATH} /usr/bin/python3 -W ignore:setup.py install is deprecated -W ignore:easy_install command is deprecated setup.py egg_info --egg-base ../../build/camera_image_display build --build-base /home/elf/ros_ws/build/camera_image_display/build install --record /home/elf/ros_ws/build/camera_image_display/install.log --single-version-externally-managed install_data
