[0.210s] DEBUG:colcon:Command line arguments: ['/usr/bin/colcon', 'build']
[0.211s] DEBUG:colcon:Parsed command line arguments: Namespace(log_base=None, log_level=None, verb_name='build', build_base='build', install_base='install', merge_install=False, symlink_install=False, test_result_base=None, continue_on_error=False, executor='parallel', parallel_workers=8, event_handlers=None, ignore_user_meta=False, metas=['./colcon.meta'], base_paths=['.'], packages_ignore=None, packages_ignore_regex=None, paths=None, packages_up_to=None, packages_up_to_regex=None, packages_above=None, packages_above_and_dependencies=None, packages_above_depth=None, packages_select_by_dep=None, packages_skip_by_dep=None, packages_skip_up_to=None, packages_select_build_failed=False, packages_skip_build_finished=False, packages_select_test_failures=False, packages_skip_test_passed=False, packages_select=None, packages_skip=None, packages_select_regex=None, packages_skip_regex=None, packages_start=None, packages_end=None, allow_overriding=[], cmake_args=None, cmake_target=None, cmake_target_skip_unavailable=False, cmake_clean_cache=False, cmake_clean_first=False, cmake_force_configure=False, ament_cmake_args=None, catkin_cmake_args=None, catkin_skip_building_tests=False, verb_parser=<colcon_defaults.argument_parser.defaults.DefaultArgumentsDecorator object at 0x7fa193fe20>, verb_extension=<colcon_core.verb.build.BuildVerb object at 0x7fa1b15240>, main=<bound method BuildVerb.main of <colcon_core.verb.build.BuildVerb object at 0x7fa1b15240>>)
[0.519s] Level 1:colcon.colcon_core.package_discovery:discover_packages(colcon_meta) check parameters
[0.519s] Level 1:colcon.colcon_core.package_discovery:discover_packages(recursive) check parameters
[0.519s] Level 1:colcon.colcon_core.package_discovery:discover_packages(ignore) check parameters
[0.519s] Level 1:colcon.colcon_core.package_discovery:discover_packages(path) check parameters
[0.519s] Level 1:colcon.colcon_core.package_discovery:discover_packages(colcon_meta) discover
[0.519s] Level 1:colcon.colcon_core.package_discovery:discover_packages(recursive) discover
[0.519s] INFO:colcon.colcon_core.package_discovery:Crawling recursively for packages in '/home/elf/ros_ws'
[0.519s] Level 1:colcon.colcon_core.package_identification:_identify(.) by extensions ['ignore', 'ignore_ament_install']
[0.519s] Level 1:colcon.colcon_core.package_identification:_identify(.) by extension 'ignore'
[0.520s] Level 1:colcon.colcon_core.package_identification:_identify(.) by extension 'ignore_ament_install'
[0.520s] Level 1:colcon.colcon_core.package_identification:_identify(.) by extensions ['colcon_pkg']
[0.520s] Level 1:colcon.colcon_core.package_identification:_identify(.) by extension 'colcon_pkg'
[0.520s] Level 1:colcon.colcon_core.package_identification:_identify(.) by extensions ['colcon_meta']
[0.520s] Level 1:colcon.colcon_core.package_identification:_identify(.) by extension 'colcon_meta'
[0.520s] Level 1:colcon.colcon_core.package_identification:_identify(.) by extensions ['ros']
[0.520s] Level 1:colcon.colcon_core.package_identification:_identify(.) by extension 'ros'
[0.544s] Level 1:colcon.colcon_core.package_identification:_identify(.) by extensions ['cmake', 'python']
[0.544s] Level 1:colcon.colcon_core.package_identification:_identify(.) by extension 'cmake'
[0.544s] Level 1:colcon.colcon_core.package_identification:_identify(.) by extension 'python'
[0.544s] Level 1:colcon.colcon_core.package_identification:_identify(.) by extensions ['python_setup_py']
[0.544s] Level 1:colcon.colcon_core.package_identification:_identify(.) by extension 'python_setup_py'
[0.545s] Level 1:colcon.colcon_core.package_identification:_identify(ascamera) by extensions ['ignore', 'ignore_ament_install']
[0.545s] Level 1:colcon.colcon_core.package_identification:_identify(ascamera) by extension 'ignore'
[0.545s] Level 1:colcon.colcon_core.package_identification:_identify(ascamera) by extension 'ignore_ament_install'
[0.545s] Level 1:colcon.colcon_core.package_identification:_identify(ascamera) by extensions ['colcon_pkg']
[0.545s] Level 1:colcon.colcon_core.package_identification:_identify(ascamera) by extension 'colcon_pkg'
[0.545s] Level 1:colcon.colcon_core.package_identification:_identify(ascamera) by extensions ['colcon_meta']
[0.545s] Level 1:colcon.colcon_core.package_identification:_identify(ascamera) by extension 'colcon_meta'
[0.545s] Level 1:colcon.colcon_core.package_identification:_identify(ascamera) by extensions ['ros']
[0.545s] Level 1:colcon.colcon_core.package_identification:_identify(ascamera) by extension 'ros'
[0.550s] DEBUG:colcon.colcon_core.package_identification:Package 'ascamera' with type 'ros.ament_cmake' and name 'ascamera'
[0.551s] Level 1:colcon.colcon_core.package_identification:_identify(build) by extensions ['ignore', 'ignore_ament_install']
[0.551s] Level 1:colcon.colcon_core.package_identification:_identify(build) by extension 'ignore'
[0.551s] Level 1:colcon.colcon_core.package_identification:_identify(build) ignored
[0.551s] Level 1:colcon.colcon_core.package_identification:_identify(install) by extensions ['ignore', 'ignore_ament_install']
[0.551s] Level 1:colcon.colcon_core.package_identification:_identify(install) by extension 'ignore'
[0.551s] Level 1:colcon.colcon_core.package_identification:_identify(install) ignored
[0.551s] Level 1:colcon.colcon_core.package_identification:_identify(log) by extensions ['ignore', 'ignore_ament_install']
[0.551s] Level 1:colcon.colcon_core.package_identification:_identify(log) by extension 'ignore'
[0.551s] Level 1:colcon.colcon_core.package_identification:_identify(log) ignored
[0.552s] Level 1:colcon.colcon_core.package_identification:_identify(src) by extensions ['ignore', 'ignore_ament_install']
[0.552s] Level 1:colcon.colcon_core.package_identification:_identify(src) by extension 'ignore'
[0.552s] Level 1:colcon.colcon_core.package_identification:_identify(src) by extension 'ignore_ament_install'
[0.552s] Level 1:colcon.colcon_core.package_identification:_identify(src) by extensions ['colcon_pkg']
[0.552s] Level 1:colcon.colcon_core.package_identification:_identify(src) by extension 'colcon_pkg'
[0.552s] Level 1:colcon.colcon_core.package_identification:_identify(src) by extensions ['colcon_meta']
[0.552s] Level 1:colcon.colcon_core.package_identification:_identify(src) by extension 'colcon_meta'
[0.552s] Level 1:colcon.colcon_core.package_identification:_identify(src) by extensions ['ros']
[0.552s] Level 1:colcon.colcon_core.package_identification:_identify(src) by extension 'ros'
[0.552s] Level 1:colcon.colcon_core.package_identification:_identify(src) by extensions ['cmake', 'python']
[0.552s] Level 1:colcon.colcon_core.package_identification:_identify(src) by extension 'cmake'
[0.552s] Level 1:colcon.colcon_core.package_identification:_identify(src) by extension 'python'
[0.552s] Level 1:colcon.colcon_core.package_identification:_identify(src) by extensions ['python_setup_py']
[0.552s] Level 1:colcon.colcon_core.package_identification:_identify(src) by extension 'python_setup_py'
[0.552s] Level 1:colcon.colcon_core.package_identification:_identify(src/build) by extensions ['ignore', 'ignore_ament_install']
[0.552s] Level 1:colcon.colcon_core.package_identification:_identify(src/build) by extension 'ignore'
[0.552s] Level 1:colcon.colcon_core.package_identification:_identify(src/build) ignored
[0.552s] Level 1:colcon.colcon_core.package_identification:_identify(src/camera_image_display) by extensions ['ignore', 'ignore_ament_install']
[0.553s] Level 1:colcon.colcon_core.package_identification:_identify(src/camera_image_display) by extension 'ignore'
[0.553s] Level 1:colcon.colcon_core.package_identification:_identify(src/camera_image_display) by extension 'ignore_ament_install'
[0.553s] Level 1:colcon.colcon_core.package_identification:_identify(src/camera_image_display) by extensions ['colcon_pkg']
[0.553s] Level 1:colcon.colcon_core.package_identification:_identify(src/camera_image_display) by extension 'colcon_pkg'
[0.553s] Level 1:colcon.colcon_core.package_identification:_identify(src/camera_image_display) by extensions ['colcon_meta']
[0.553s] Level 1:colcon.colcon_core.package_identification:_identify(src/camera_image_display) by extension 'colcon_meta'
[0.553s] Level 1:colcon.colcon_core.package_identification:_identify(src/camera_image_display) by extensions ['ros']
[0.553s] Level 1:colcon.colcon_core.package_identification:_identify(src/camera_image_display) by extension 'ros'
[0.554s] DEBUG:colcon.colcon_core.package_identification:Package 'src/camera_image_display' with type 'ros.ament_python' and name 'camera_image_display'
[0.555s] Level 1:colcon.colcon_core.package_identification:_identify(src/install) by extensions ['ignore', 'ignore_ament_install']
[0.555s] Level 1:colcon.colcon_core.package_identification:_identify(src/install) by extension 'ignore'
[0.555s] Level 1:colcon.colcon_core.package_identification:_identify(src/install) ignored
[0.555s] Level 1:colcon.colcon_core.package_identification:_identify(src/log) by extensions ['ignore', 'ignore_ament_install']
[0.555s] Level 1:colcon.colcon_core.package_identification:_identify(src/log) by extension 'ignore'
[0.555s] Level 1:colcon.colcon_core.package_identification:_identify(src/log) ignored
[0.555s] Level 1:colcon.colcon_core.package_discovery:discover_packages(recursive) using defaults
[0.555s] Level 1:colcon.colcon_core.package_discovery:discover_packages(ignore) discover
[0.555s] Level 1:colcon.colcon_core.package_discovery:discover_packages(ignore) using defaults
[0.555s] Level 1:colcon.colcon_core.package_discovery:discover_packages(path) discover
[0.555s] Level 1:colcon.colcon_core.package_discovery:discover_packages(path) using defaults
[0.602s] Level 1:colcon.colcon_core.package_discovery:discover_packages(prefix_path) check parameters
[0.602s] Level 1:colcon.colcon_core.package_discovery:discover_packages(prefix_path) discover
[0.606s] DEBUG:colcon.colcon_installed_package_information.package_discovery:Found 2 installed packages in /home/elf/ros_ws/install
[0.608s] DEBUG:colcon.colcon_installed_package_information.package_discovery:Found 274 installed packages in /opt/ros/humble
[0.650s] Level 1:colcon.colcon_core.package_discovery:discover_packages(prefix_path) using defaults
[0.702s] Level 5:colcon.colcon_core.verb:set package 'ascamera' build argument 'cmake_args' from command line to 'None'
[0.702s] Level 5:colcon.colcon_core.verb:set package 'ascamera' build argument 'cmake_target' from command line to 'None'
[0.702s] Level 5:colcon.colcon_core.verb:set package 'ascamera' build argument 'cmake_target_skip_unavailable' from command line to 'False'
[0.702s] Level 5:colcon.colcon_core.verb:set package 'ascamera' build argument 'cmake_clean_cache' from command line to 'False'
[0.702s] Level 5:colcon.colcon_core.verb:set package 'ascamera' build argument 'cmake_clean_first' from command line to 'False'
[0.702s] Level 5:colcon.colcon_core.verb:set package 'ascamera' build argument 'cmake_force_configure' from command line to 'False'
[0.702s] Level 5:colcon.colcon_core.verb:set package 'ascamera' build argument 'ament_cmake_args' from command line to 'None'
[0.702s] Level 5:colcon.colcon_core.verb:set package 'ascamera' build argument 'catkin_cmake_args' from command line to 'None'
[0.702s] Level 5:colcon.colcon_core.verb:set package 'ascamera' build argument 'catkin_skip_building_tests' from command line to 'False'
[0.703s] DEBUG:colcon.colcon_core.verb:Building package 'ascamera' with the following arguments: {'ament_cmake_args': None, 'build_base': '/home/elf/ros_ws/build/ascamera', 'catkin_cmake_args': None, 'catkin_skip_building_tests': False, 'cmake_args': None, 'cmake_clean_cache': False, 'cmake_clean_first': False, 'cmake_force_configure': False, 'cmake_target': None, 'cmake_target_skip_unavailable': False, 'install_base': '/home/elf/ros_ws/install/ascamera', 'merge_install': False, 'path': '/home/elf/ros_ws/ascamera', 'symlink_install': False, 'test_result_base': None}
[0.703s] Level 5:colcon.colcon_core.verb:set package 'camera_image_display' build argument 'cmake_args' from command line to 'None'
[0.703s] Level 5:colcon.colcon_core.verb:set package 'camera_image_display' build argument 'cmake_target' from command line to 'None'
[0.703s] Level 5:colcon.colcon_core.verb:set package 'camera_image_display' build argument 'cmake_target_skip_unavailable' from command line to 'False'
[0.703s] Level 5:colcon.colcon_core.verb:set package 'camera_image_display' build argument 'cmake_clean_cache' from command line to 'False'
[0.703s] Level 5:colcon.colcon_core.verb:set package 'camera_image_display' build argument 'cmake_clean_first' from command line to 'False'
[0.703s] Level 5:colcon.colcon_core.verb:set package 'camera_image_display' build argument 'cmake_force_configure' from command line to 'False'
[0.703s] Level 5:colcon.colcon_core.verb:set package 'camera_image_display' build argument 'ament_cmake_args' from command line to 'None'
[0.703s] Level 5:colcon.colcon_core.verb:set package 'camera_image_display' build argument 'catkin_cmake_args' from command line to 'None'
[0.703s] Level 5:colcon.colcon_core.verb:set package 'camera_image_display' build argument 'catkin_skip_building_tests' from command line to 'False'
[0.703s] DEBUG:colcon.colcon_core.verb:Building package 'camera_image_display' with the following arguments: {'ament_cmake_args': None, 'build_base': '/home/elf/ros_ws/build/camera_image_display', 'catkin_cmake_args': None, 'catkin_skip_building_tests': False, 'cmake_args': None, 'cmake_clean_cache': False, 'cmake_clean_first': False, 'cmake_force_configure': False, 'cmake_target': None, 'cmake_target_skip_unavailable': False, 'install_base': '/home/elf/ros_ws/install/camera_image_display', 'merge_install': False, 'path': '/home/elf/ros_ws/src/camera_image_display', 'symlink_install': False, 'test_result_base': None}
[0.703s] INFO:colcon.colcon_core.executor:Executing jobs using 'parallel' executor
[0.705s] DEBUG:colcon.colcon_parallel_executor.executor.parallel:run_until_complete
[0.706s] INFO:colcon.colcon_ros.task.ament_cmake.build:Building ROS package in '/home/elf/ros_ws/ascamera' with build type 'ament_cmake'
[0.706s] INFO:colcon.colcon_cmake.task.cmake.build:Building CMake package in '/home/elf/ros_ws/ascamera'
[0.712s] INFO:colcon.colcon_core.plugin_system:Skipping extension 'colcon_core.shell.bat': Not used on non-Windows systems
[0.713s] INFO:colcon.colcon_core.shell:Skip shell extension 'powershell' for command environment: Not usable outside of PowerShell
[0.713s] DEBUG:colcon.colcon_core.shell:Skip shell extension 'dsv' for command environment
[0.718s] INFO:colcon.colcon_ros.task.ament_python.build:Building ROS package in '/home/elf/ros_ws/src/camera_image_display' with build type 'ament_python'
[0.718s] Level 1:colcon.colcon_core.shell:create_environment_hook('camera_image_display', 'ament_prefix_path')
[0.719s] INFO:colcon.colcon_core.shell:Creating environment hook '/home/elf/ros_ws/install/camera_image_display/share/camera_image_display/hook/ament_prefix_path.ps1'
[0.720s] INFO:colcon.colcon_core.shell:Creating environment descriptor '/home/elf/ros_ws/install/camera_image_display/share/camera_image_display/hook/ament_prefix_path.dsv'
[0.721s] INFO:colcon.colcon_core.shell:Creating environment hook '/home/elf/ros_ws/install/camera_image_display/share/camera_image_display/hook/ament_prefix_path.sh'
[0.723s] INFO:colcon.colcon_core.shell:Skip shell extension 'powershell' for command environment: Not usable outside of PowerShell
[0.723s] DEBUG:colcon.colcon_core.shell:Skip shell extension 'dsv' for command environment
[0.739s] DEBUG:colcon.colcon_core.event_handler.log_command:Invoking command in '/home/elf/ros_ws/build/ascamera': CMAKE_PREFIX_PATH=${CMAKE_PREFIX_PATH}:/home/elf/ros_ws/install/camera_image_display:/opt/ros/humble CONDA_PROMPT_MODIFIER=(base) /usr/bin/cmake --build /home/elf/ros_ws/build/ascamera -- -j8 -l8
[1.177s] INFO:colcon.colcon_core.task.python.build:Building Python package in '/home/elf/ros_ws/src/camera_image_display'
[1.177s] INFO:colcon.colcon_core.shell:Skip shell extension 'powershell' for command environment: Not usable outside of PowerShell
[1.177s] DEBUG:colcon.colcon_core.shell:Skip shell extension 'dsv' for command environment
[1.185s] DEBUG:colcon.colcon_core.event_handler.log_command:Invoked command in '/home/elf/ros_ws/build/ascamera' returned '0': CMAKE_PREFIX_PATH=${CMAKE_PREFIX_PATH}:/home/elf/ros_ws/install/camera_image_display:/opt/ros/humble CONDA_PROMPT_MODIFIER=(base) /usr/bin/cmake --build /home/elf/ros_ws/build/ascamera -- -j8 -l8
[1.221s] DEBUG:colcon.colcon_core.event_handler.log_command:Invoking command in '/home/elf/ros_ws/build/ascamera': CMAKE_PREFIX_PATH=${CMAKE_PREFIX_PATH}:/home/elf/ros_ws/install/camera_image_display:/opt/ros/humble CONDA_PROMPT_MODIFIER=(base) /usr/bin/cmake --install /home/elf/ros_ws/build/ascamera
[1.288s] Level 1:colcon.colcon_core.environment:create_environment_scripts_only(ascamera)
[1.290s] DEBUG:colcon.colcon_core.event_handler.log_command:Invoked command in '/home/elf/ros_ws/build/ascamera' returned '0': CMAKE_PREFIX_PATH=${CMAKE_PREFIX_PATH}:/home/elf/ros_ws/install/camera_image_display:/opt/ros/humble CONDA_PROMPT_MODIFIER=(base) /usr/bin/cmake --install /home/elf/ros_ws/build/ascamera
[1.304s] Level 1:colcon.colcon_core.environment:checking '/home/elf/ros_ws/install/ascamera' for CMake module files
[1.307s] Level 1:colcon.colcon_core.environment:checking '/home/elf/ros_ws/install/ascamera' for CMake config files
[1.309s] Level 1:colcon.colcon_core.shell:create_environment_hook('ascamera', 'cmake_prefix_path')
[1.311s] INFO:colcon.colcon_core.shell:Creating environment hook '/home/elf/ros_ws/install/ascamera/share/ascamera/hook/cmake_prefix_path.ps1'
[1.313s] INFO:colcon.colcon_core.shell:Creating environment descriptor '/home/elf/ros_ws/install/ascamera/share/ascamera/hook/cmake_prefix_path.dsv'
[1.314s] INFO:colcon.colcon_core.shell:Creating environment hook '/home/elf/ros_ws/install/ascamera/share/ascamera/hook/cmake_prefix_path.sh'
[1.317s] Level 1:colcon.colcon_core.environment:checking '/home/elf/ros_ws/install/ascamera/lib'
[1.318s] Level 1:colcon.colcon_core.environment:checking '/home/elf/ros_ws/install/ascamera/bin'
[1.318s] Level 1:colcon.colcon_core.environment:checking '/home/elf/ros_ws/install/ascamera/lib/pkgconfig/ascamera.pc'
[1.319s] Level 1:colcon.colcon_core.environment:checking '/home/elf/ros_ws/install/ascamera/lib/python3.10/site-packages'
[1.320s] Level 1:colcon.colcon_core.environment:checking '/home/elf/ros_ws/install/ascamera/bin'
[1.322s] INFO:colcon.colcon_core.shell:Creating package script '/home/elf/ros_ws/install/ascamera/share/ascamera/package.ps1'
[1.329s] INFO:colcon.colcon_core.shell:Creating package descriptor '/home/elf/ros_ws/install/ascamera/share/ascamera/package.dsv'
[1.332s] INFO:colcon.colcon_core.shell:Creating package script '/home/elf/ros_ws/install/ascamera/share/ascamera/package.sh'
[1.335s] INFO:colcon.colcon_core.shell:Creating package script '/home/elf/ros_ws/install/ascamera/share/ascamera/package.bash'
[1.340s] INFO:colcon.colcon_core.shell:Creating package script '/home/elf/ros_ws/install/ascamera/share/ascamera/package.zsh'
[1.344s] Level 1:colcon.colcon_core.environment:create_file_with_runtime_dependencies(/home/elf/ros_ws/install/ascamera/share/colcon-core/packages/ascamera)
[1.347s] Level 1:colcon.colcon_core.environment:create_environment_scripts_only(ascamera)
[1.348s] Level 1:colcon.colcon_core.environment:checking '/home/elf/ros_ws/install/ascamera' for CMake module files
[1.350s] Level 1:colcon.colcon_core.environment:checking '/home/elf/ros_ws/install/ascamera' for CMake config files
[1.351s] Level 1:colcon.colcon_core.shell:create_environment_hook('ascamera', 'cmake_prefix_path')
[1.352s] INFO:colcon.colcon_core.shell:Creating environment hook '/home/elf/ros_ws/install/ascamera/share/ascamera/hook/cmake_prefix_path.ps1'
[1.354s] INFO:colcon.colcon_core.shell:Creating environment descriptor '/home/elf/ros_ws/install/ascamera/share/ascamera/hook/cmake_prefix_path.dsv'
[1.356s] INFO:colcon.colcon_core.shell:Creating environment hook '/home/elf/ros_ws/install/ascamera/share/ascamera/hook/cmake_prefix_path.sh'
[1.357s] Level 1:colcon.colcon_core.environment:checking '/home/elf/ros_ws/install/ascamera/lib'
[1.358s] Level 1:colcon.colcon_core.environment:checking '/home/elf/ros_ws/install/ascamera/bin'
[1.358s] Level 1:colcon.colcon_core.environment:checking '/home/elf/ros_ws/install/ascamera/lib/pkgconfig/ascamera.pc'
[1.358s] Level 1:colcon.colcon_core.environment:checking '/home/elf/ros_ws/install/ascamera/lib/python3.10/site-packages'
[1.358s] Level 1:colcon.colcon_core.environment:checking '/home/elf/ros_ws/install/ascamera/bin'
[1.359s] INFO:colcon.colcon_core.shell:Creating package script '/home/elf/ros_ws/install/ascamera/share/ascamera/package.ps1'
[1.360s] INFO:colcon.colcon_core.shell:Creating package descriptor '/home/elf/ros_ws/install/ascamera/share/ascamera/package.dsv'
[1.360s] INFO:colcon.colcon_core.shell:Creating package script '/home/elf/ros_ws/install/ascamera/share/ascamera/package.sh'
[1.361s] INFO:colcon.colcon_core.shell:Creating package script '/home/elf/ros_ws/install/ascamera/share/ascamera/package.bash'
[1.361s] INFO:colcon.colcon_core.shell:Creating package script '/home/elf/ros_ws/install/ascamera/share/ascamera/package.zsh'
[1.362s] Level 1:colcon.colcon_core.environment:create_file_with_runtime_dependencies(/home/elf/ros_ws/install/ascamera/share/colcon-core/packages/ascamera)
[1.828s] DEBUG:colcon.colcon_core.event_handler.log_command:Invoking command in '/home/elf/ros_ws/src/camera_image_display': CONDA_PROMPT_MODIFIER=(base) PYTHONPATH=/home/elf/ros_ws/build/camera_image_display/prefix_override:/usr/lib/python3/dist-packages/colcon_core/task/python/colcon_distutils_commands:/home/elf/ros_ws/install/camera_image_display/lib/python3.10/site-packages:${PYTHONPATH} /usr/bin/python3 -W ignore:setup.py install is deprecated -W ignore:easy_install command is deprecated setup.py egg_info --egg-base ../../build/camera_image_display build --build-base /home/elf/ros_ws/build/camera_image_display/build install --record /home/elf/ros_ws/build/camera_image_display/install.log --single-version-externally-managed install_data
[2.293s] Level 1:colcon.colcon_core.environment:checking '/home/elf/ros_ws/install/camera_image_display' for CMake module files
[2.296s] DEBUG:colcon.colcon_core.event_handler.log_command:Invoked command in '/home/elf/ros_ws/src/camera_image_display' returned '0': CONDA_PROMPT_MODIFIER=(base) PYTHONPATH=/home/elf/ros_ws/build/camera_image_display/prefix_override:/usr/lib/python3/dist-packages/colcon_core/task/python/colcon_distutils_commands:/home/elf/ros_ws/install/camera_image_display/lib/python3.10/site-packages:${PYTHONPATH} /usr/bin/python3 -W ignore:setup.py install is deprecated -W ignore:easy_install command is deprecated setup.py egg_info --egg-base ../../build/camera_image_display build --build-base /home/elf/ros_ws/build/camera_image_display/build install --record /home/elf/ros_ws/build/camera_image_display/install.log --single-version-externally-managed install_data
[2.298s] Level 1:colcon.colcon_core.environment:checking '/home/elf/ros_ws/install/camera_image_display' for CMake config files
[2.300s] Level 1:colcon.colcon_core.environment:checking '/home/elf/ros_ws/install/camera_image_display/lib'
[2.300s] Level 1:colcon.colcon_core.environment:checking '/home/elf/ros_ws/install/camera_image_display/bin'
[2.300s] Level 1:colcon.colcon_core.environment:checking '/home/elf/ros_ws/install/camera_image_display/lib/pkgconfig/camera_image_display.pc'
[2.301s] Level 1:colcon.colcon_core.environment:checking '/home/elf/ros_ws/install/camera_image_display/lib/python3.10/site-packages'
[2.302s] Level 1:colcon.colcon_core.shell:create_environment_hook('camera_image_display', 'pythonpath')
[2.303s] INFO:colcon.colcon_core.shell:Creating environment hook '/home/elf/ros_ws/install/camera_image_display/share/camera_image_display/hook/pythonpath.ps1'
[2.305s] INFO:colcon.colcon_core.shell:Creating environment descriptor '/home/elf/ros_ws/install/camera_image_display/share/camera_image_display/hook/pythonpath.dsv'
[2.306s] INFO:colcon.colcon_core.shell:Creating environment hook '/home/elf/ros_ws/install/camera_image_display/share/camera_image_display/hook/pythonpath.sh'
[2.308s] Level 1:colcon.colcon_core.environment:checking '/home/elf/ros_ws/install/camera_image_display/bin'
[2.308s] Level 1:colcon.colcon_core.environment:create_environment_scripts_only(camera_image_display)
[2.310s] INFO:colcon.colcon_core.shell:Creating package script '/home/elf/ros_ws/install/camera_image_display/share/camera_image_display/package.ps1'
[2.312s] INFO:colcon.colcon_core.shell:Creating package descriptor '/home/elf/ros_ws/install/camera_image_display/share/camera_image_display/package.dsv'
[2.313s] INFO:colcon.colcon_core.shell:Creating package script '/home/elf/ros_ws/install/camera_image_display/share/camera_image_display/package.sh'
[2.315s] INFO:colcon.colcon_core.shell:Creating package script '/home/elf/ros_ws/install/camera_image_display/share/camera_image_display/package.bash'
[2.317s] INFO:colcon.colcon_core.shell:Creating package script '/home/elf/ros_ws/install/camera_image_display/share/camera_image_display/package.zsh'
[2.318s] Level 1:colcon.colcon_core.environment:create_file_with_runtime_dependencies(/home/elf/ros_ws/install/camera_image_display/share/colcon-core/packages/camera_image_display)
[2.319s] DEBUG:colcon.colcon_parallel_executor.executor.parallel:closing loop
[2.320s] DEBUG:colcon.colcon_parallel_executor.executor.parallel:loop closed
[2.320s] DEBUG:colcon.colcon_parallel_executor.executor.parallel:run_until_complete finished with '0'
[2.321s] DEBUG:colcon.colcon_core.event_reactor:joining thread
[2.342s] INFO:colcon.colcon_core.plugin_system:Skipping extension 'colcon_notification.desktop_notification.terminal_notifier': Not used on non-Darwin systems
[2.343s] INFO:colcon.colcon_core.plugin_system:Skipping extension 'colcon_notification.desktop_notification.win32': Not used on non-Windows systems
[2.343s] INFO:colcon.colcon_notification.desktop_notification:Sending desktop notification using 'notify2'
[2.444s] DEBUG:colcon.colcon_core.event_reactor:joined thread
[2.445s] INFO:colcon.colcon_core.shell:Creating prefix script '/home/elf/ros_ws/install/local_setup.ps1'
[2.450s] INFO:colcon.colcon_core.shell:Creating prefix util module '/home/elf/ros_ws/install/_local_setup_util_ps1.py'
[2.459s] INFO:colcon.colcon_core.shell:Creating prefix chain script '/home/elf/ros_ws/install/setup.ps1'
[2.465s] INFO:colcon.colcon_core.shell:Creating prefix script '/home/elf/ros_ws/install/local_setup.sh'
[2.469s] INFO:colcon.colcon_core.shell:Creating prefix util module '/home/elf/ros_ws/install/_local_setup_util_sh.py'
[2.472s] INFO:colcon.colcon_core.shell:Creating prefix chain script '/home/elf/ros_ws/install/setup.sh'
[2.479s] INFO:colcon.colcon_core.shell:Creating prefix script '/home/elf/ros_ws/install/local_setup.bash'
[2.483s] INFO:colcon.colcon_core.shell:Creating prefix chain script '/home/elf/ros_ws/install/setup.bash'
[2.489s] INFO:colcon.colcon_core.shell:Creating prefix script '/home/elf/ros_ws/install/local_setup.zsh'
[2.493s] INFO:colcon.colcon_core.shell:Creating prefix chain script '/home/elf/ros_ws/install/setup.zsh'
